0.6062052505966588
0.5704057279236276
0.21360381861575178
0.6909307875894988
0.26610978520286394
0.22792362768496421
0.22315035799522673
0.28162291169451076
0.21360381861575178
0.24463007159904535
0.33890214797136037
0.24105011933174225
0.3747016706443914
0.21121718377088305
0.3269689737470167
0.2052505966587112
0.256563245823389
0.23627684964200477
0.24821002386634844
0.3556085918854415
0.6718377088305489
0.6897374701670644
0.6718377088305489
0.6646778042959427
0.665871121718377
0.684964200477327
0.6766109785202864
0.6718377088305489
0.6587112171837709
0.6682577565632458
0.6682577565632458
0.6694510739856802
0.6885441527446301
0.6897374701670644
0.662291169451074
0.6825775656324582
0.6587112171837709
0.665871121718377
0.6754176610978521
0.6885441527446301
0.6754176610978521
0.6718377088305489
0.665871121718377
0.6789976133651552
0.6766109785202864
0.6837708830548926
0.6813842482100239
0.6813842482100239
0.6718377088305489
0.6718377088305489
0.6706443914081146
0.6730310262529833
0.684964200477327
0.6670644391408115
0.6706443914081146
0.6670644391408115
0.6754176610978521
0.6718377088305489
0.6778042959427207
0.6682577565632458
0.6706443914081146
0.6646778042959427
0.684964200477327
0.6706443914081146
0.6813842482100239
0.6778042959427207
0.6718377088305489
0.6766109785202864
0.6646778042959427
0.6801909307875895
0.6801909307875895
0.6718377088305489
0.6694510739856802
0.6873508353221957
0.6837708830548926
0.6730310262529833
0.6718377088305489
0.6885441527446301
0.6789976133651552
0.6825775656324582
0.6730310262529833
0.6789976133651552
0.6766109785202864
0.6634844868735084
0.684964200477327
0.6754176610978521
0.6634844868735084
0.6718377088305489
0.6754176610978521
0.6718377088305489
0.6682577565632458
0.6885441527446301
0.6813842482100239
0.684964200477327
0.6694510739856802
0.6742243436754176
0.6694510739856802
0.6682577565632458
0.6813842482100239
0.6873508353221957
