0.6062052505966588
0.5704057279236276
0.21360381861575178
0.6909307875894988
0.26610978520286394
0.22792362768496421
0.22315035799522673
0.28162291169451076
0.21360381861575178
0.24463007159904535
0.33890214797136037
0.24105011933174225
0.3747016706443914
0.21121718377088305
0.3269689737470167
0.2052505966587112
0.256563245823389
0.23627684964200477
0.24821002386634844
0.3556085918854415
0.29952267303102625
0.6014319809069213
0.2016706443914081
0.3902147971360382
0.1909307875894988
0.2840095465393795
0.24224343675417662
0.28758949880668255
0.19809069212410502
0.19928400954653938
0.6420047732696897
0.19331742243436753
0.24701670644391407
0.2541766109785203
0.36754176610978523
0.6002386634844868
0.2016706443914081
0.2064439140811456
0.22553699284009546
0.25059665871121717
0.3353221957040573
0.5763723150357996
0.6109785202863962
0.6241050119331742
0.2052505966587112
0.4009546539379475
0.34844868735083534
0.26014319809069214
0.4200477326968974
0.30668257756563244
0.2052505966587112
0.2613365155131265
0.324582338902148
0.5978520286396182
0.23269689737470167
0.31861575178997614
0.5978520286396182
0.39737470167064437
0.315035799522673
0.18615751789976134
0.22315035799522673
0.18615751789976134
0.3711217183770883
0.3520286396181384
0.23389021479713604
0.19809069212410502
0.21121718377088305
0.37589498806682575
0.3496420047732697
0.2637231503579952
0.5918854415274463
0.6801909307875895
0.3317422434367542
0.2840095465393795
0.21241050119331742
0.36873508353221957
0.27923627684964203
0.6587112171837709
0.2171837708830549
0.22911694510739858
0.5930787589498807
0.35441527446300713
0.6455847255369929
0.2100238663484487
0.1957040572792363
0.22195704057279236
0.5632458233890215
0.21360381861575178
0.2720763723150358
0.43675417661097854
0.42720763723150357
0.6312649164677804
0.6002386634844868
0.18973747016706444
0.6133651551312649
0.2159904534606205
0.2684964200477327
0.36634844868735084
0.5859188544152745
0.4307875894988067
0.19689737470167065
0.5787589498806682
0.5918854415274463
0.6109785202863962
0.33651551312649164
0.23389021479713604
0.3448687350835322
0.5966587112171837
0.4403341288782816
0.548926014319809
0.3138424821002387
0.6205250596658711
0.2649164677804296
0.3568019093078759
0.6408114558472554
0.5739856801909308
0.3556085918854415
0.20405727923627684
0.5954653937947494
0.5692124105011933
0.6431980906921241
0.3448687350835322
0.6085918854415274
0.41646778042959426
0.24701670644391407
0.5596658711217184
0.32100238663484487
0.4618138424821002
0.3723150357995227
0.33890214797136037
0.60381861575179
0.27923627684964203
0.3723150357995227
0.2529832935560859
0.3532219570405728
0.2828162291169451
0.60381861575179
0.2911694510739857
0.21121718377088305
0.5620525059665871
0.6682577565632458
0.24821002386634844
0.5608591885441527
0.36754176610978523
0.3627684964200477
0.2171837708830549
0.22553699284009546
0.25894988066825775
0.6229116945107399
0.5644391408114559
0.20883054892601433
0.6539379474940334
0.22553699284009546
0.33890214797136037
0.5871121718377088
0.32935560859188545
0.4510739856801909
0.6073985680190931
0.441527446300716
0.6252983293556086
0.6133651551312649
0.2541766109785203
0.301909307875895
0.33890214797136037
0.6109785202863962
0.2541766109785203
0.25178997613365156
0.2720763723150358
0.39856801909307876
0.3317422434367542
0.6348448687350835
0.3448687350835322
0.4021479713603819
0.3532219570405728
0.18973747016706444
0.21957040572792363
0.22315035799522673
0.38066825775656327
0.5978520286396182
0.4403341288782816
0.5871121718377088
0.6372315035799523
0.5727923627684964
0.6205250596658711
0.60381861575179
0.6324582338902148
0.6181384248210023
0.3460620525059666
0.594272076372315
0.3627684964200477
0.32816229116945106
0.6431980906921241
0.25059665871121717
0.35441527446300713
0.39618138424821003
0.6121718377088305
0.25894988066825775
0.3556085918854415
0.5787589498806682
0.6431980906921241
0.6694510739856802
0.418854415274463
0.5799522673031027
0.3448687350835322
0.6133651551312649
0.35918854415274465
0.5799522673031027
0.6050119331742243
0.5596658711217184
0.39498806682577564
0.636038186157518
0.35799522673031026
0.581145584725537
0.6551312649164678
0.5906921241050119
0.6288782816229117
0.5894988066825776
0.6467780429594272
0.43675417661097854
0.3031026252983294
0.630071599045346
0.6097852028639618
0.34009546539379476
0.3818615751789976
0.5966587112171837
0.4152744630071599
0.6157517899761337
0.5751789976133651
0.5847255369928401
0.4510739856801909
0.4498806682577566
0.5871121718377088
0.5835322195704057
0.6372315035799523
0.6193317422434368
0.616945107398568
0.60381861575179
0.5847255369928401
0.684964200477327
0.5715990453460621
0.5417661097852029
0.5513126491646778
0.6205250596658711
0.6599045346062052
0.5847255369928401
0.5966587112171837
0.6241050119331742
0.5966587112171837
0.6408114558472554
0.5918854415274463
0.6229116945107399
0.31742243436754175
0.27804295942720764
0.6109785202863962
0.5632458233890215
0.6933174224343676
0.24343675417661098
0.5715990453460621
0.5620525059665871
0.6157517899761337
0.649164677804296
0.6217183770883055
0.2243436754176611
0.5978520286396182
0.594272076372315
0.2935560859188544
0.6014319809069213
0.616945107398568
0.6181384248210023
0.535799522673031
0.2529832935560859
0.6420047732696897
0.6062052505966588
0.6205250596658711
0.6754176610978521
0.636038186157518
0.6133651551312649
0.6718377088305489
0.23269689737470167
0.6646778042959427
0.6825775656324582
0.6312649164677804
0.6479713603818615
0.6575178997613366
0.6217183770883055
0.5847255369928401
0.5751789976133651
0.6217183770883055
0.26252983293556087
0.6599045346062052
0.26610978520286394
0.5656324582338902
0.6276849642004774
0.639618138424821
0.6408114558472554
0.2744630071599045
0.5823389021479713
0.6348448687350835
0.6193317422434368
0.6288782816229117
0.5739856801909308
0.5823389021479713
0.6121718377088305
0.6312649164677804
0.5930787589498807
0.5763723150357996
0.6264916467780429
0.25894988066825775
0.5906921241050119
0.5668257756563246
0.5978520286396182
0.6348448687350835
0.6515513126491647
0.6754176610978521
0.6431980906921241
0.6408114558472554
0.6813842482100239
0.6133651551312649
0.6742243436754176
0.6372315035799523
0.5871121718377088
0.6348448687350835
0.6026252983293556
0.581145584725537
0.5775656324582339
0.652744630071599
0.652744630071599
0.6682577565632458
0.662291169451074
0.1909307875894988
0.5823389021479713
0.5906921241050119
0.22553699284009546
0.639618138424821
0.6587112171837709
0.6670644391408115
0.6205250596658711
0.6241050119331742
0.6766109785202864
0.6276849642004774
0.5763723150357996
0.26610978520286394
0.581145584725537
0.5966587112171837
0.6264916467780429
0.42840095465393796
0.6420047732696897
0.6539379474940334
0.6181384248210023
0.6610978520286396
0.6181384248210023
0.649164677804296
0.6694510739856802
0.4009546539379475
0.6073985680190931
0.6121718377088305
0.6133651551312649
0.6646778042959427
0.639618138424821
0.6097852028639618
0.6539379474940334
0.5668257756563246
0.5727923627684964
0.6455847255369929
0.6157517899761337
0.5906921241050119
0.6384248210023866
0.6742243436754176
0.6587112171837709
0.6599045346062052
0.652744630071599
0.24105011933174225
0.5954653937947494
0.6372315035799523
0.5954653937947494
0.6408114558472554
0.60381861575179
0.636038186157518
0.6121718377088305
0.6718377088305489
0.652744630071599
0.6539379474940334
0.6312649164677804
0.4307875894988067
0.6420047732696897
0.6348448687350835
0.6563245823389021
0.27684964200477324
0.6539379474940334
0.6252983293556086
0.6097852028639618
0.6455847255369929
0.6563245823389021
0.6479713603818615
0.6384248210023866
0.6563245823389021
0.6467780429594272
0.6778042959427207
0.639618138424821
0.6455847255369929
0.6050119331742243
0.6312649164677804
0.6479713603818615
0.43556085918854415
0.652744630071599
0.6515513126491647
0.6694510739856802
0.6610978520286396
0.6766109785202864
0.630071599045346
0.636038186157518
0.6050119331742243
0.6599045346062052
0.6384248210023866
0.5906921241050119
0.4212410501193317
0.6587112171837709
0.6551312649164678
0.6348448687350835
0.6587112171837709
0.24701670644391407
0.6599045346062052
0.6479713603818615
0.5847255369928401
0.6467780429594272
0.5990453460620525
0.6634844868735084
0.6408114558472554
0.6181384248210023
0.6742243436754176
0.6455847255369929
0.6372315035799523
0.6539379474940334
0.649164677804296
0.5692124105011933
0.6694510739856802
0.6133651551312649
0.6431980906921241
0.6324582338902148
0.3031026252983294
0.6384248210023866
0.6575178997613366
0.6062052505966588
0.698090692124105
0.6706443914081146
0.636038186157518
0.6217183770883055
0.5727923627684964
0.5906921241050119
0.630071599045346
0.36754176610978523
0.6861575178997613
0.4797136038186158
0.6324582338902148
0.6575178997613366
0.5966587112171837
0.6324582338902148
0.6157517899761337
0.6097852028639618
0.6718377088305489
0.6205250596658711
0.6431980906921241
0.6718377088305489
0.6742243436754176
0.6563245823389021
0.6264916467780429
0.5930787589498807
0.6348448687350835
0.581145584725537
0.6252983293556086
0.652744630071599
0.630071599045346
0.594272076372315
0.652744630071599
0.6372315035799523
0.639618138424821
0.662291169451074
0.6348448687350835
0.649164677804296
0.6646778042959427
0.662291169451074
0.6241050119331742
0.6241050119331742
0.649164677804296
0.6909307875894988
0.6766109785202864
0.27088305489260145
0.6730310262529833
0.6706443914081146
0.665871121718377
0.5859188544152745
0.5584725536992841
0.6646778042959427
0.662291169451074
0.6348448687350835
0.6252983293556086
0.684964200477327
0.6467780429594272
0.418854415274463
0.684964200477327
0.6408114558472554
0.6563245823389021
0.6646778042959427
0.44272076372315033
0.6861575178997613
0.6050119331742243
0.6193317422434368
0.6229116945107399
0.5978520286396182
0.6610978520286396
0.6646778042959427
0.636038186157518
0.652744630071599
0.6968973747016707
0.6730310262529833
0.6754176610978521
0.6145584725536993
0.6408114558472554
0.6551312649164678
0.6670644391408115
0.6563245823389021
0.6420047732696897
0.6789976133651552
0.652744630071599
0.4439140811455847
0.6897374701670644
0.6599045346062052
0.6539379474940334
0.6599045346062052
0.6682577565632458
0.6503579952267303
0.6670644391408115
0.698090692124105
0.5608591885441527
0.6599045346062052
0.6515513126491647
0.6730310262529833
0.6467780429594272
0.6575178997613366
0.6420047732696897
0.441527446300716
0.6551312649164678
0.6694510739856802
0.652744630071599
0.652744630071599
0.6706443914081146
0.6408114558472554
0.6264916467780429
0.6945107398568019
0.6646778042959427
0.6587112171837709
0.6551312649164678
0.6670644391408115
0.665871121718377
0.6193317422434368
0.6336515513126492
0.6443914081145584
0.665871121718377
0.6455847255369929
0.6670644391408115
0.662291169451074
0.6575178997613366
0.6515513126491647
0.662291169451074
0.6420047732696897
0.6348448687350835
0.6408114558472554
0.6778042959427207
0.6133651551312649
0.649164677804296
0.4403341288782816
0.6503579952267303
0.6372315035799523
0.6718377088305489
0.6778042959427207
0.649164677804296
0.4152744630071599
0.6706443914081146
0.5775656324582339
0.6694510739856802
0.6610978520286396
0.568019093078759
0.6646778042959427
0.6813842482100239
0.6503579952267303
0.5978520286396182
0.6264916467780429
0.6252983293556086
0.6682577565632458
0.6575178997613366
0.6610978520286396
0.6599045346062052
0.2744630071599045
0.2756563245823389
0.6384248210023866
0.5847255369928401
0.6551312649164678
0.6467780429594272
0.6742243436754176
0.6694510739856802
0.6348448687350835
0.6551312649164678
0.649164677804296
0.6563245823389021
0.6610978520286396
0.60381861575179
0.6682577565632458
0.6443914081145584
0.6205250596658711
0.33651551312649164
0.5393794749403341
0.6539379474940334
0.6575178997613366
0.6575178997613366
0.649164677804296
0.6384248210023866
0.6718377088305489
0.6205250596658711
0.6348448687350835
0.6515513126491647
0.6563245823389021
0.662291169451074
0.6873508353221957
0.28042959427207637
0.6551312649164678
0.6718377088305489
0.6754176610978521
0.6897374701670644
0.6503579952267303
0.6539379474940334
0.6610978520286396
0.6324582338902148
0.6515513126491647
0.2720763723150358
0.6813842482100239
0.5954653937947494
0.6455847255369929
0.4451073985680191
0.6610978520286396
0.662291169451074
0.665871121718377
0.6718377088305489
0.36873508353221957
0.28878281622911695
0.662291169451074
0.6742243436754176
0.6515513126491647
0.6670644391408115
0.6670644391408115
0.6766109785202864
0.6384248210023866
0.6539379474940334
0.684964200477327
0.6479713603818615
0.6742243436754176
0.6599045346062052
0.6073985680190931
0.6551312649164678
0.5584725536992841
0.6610978520286396
0.6348448687350835
0.6587112171837709
0.6205250596658711
0.6646778042959427
0.6694510739856802
0.22673031026252982
0.6718377088305489
0.6670644391408115
0.594272076372315
0.6408114558472554
0.684964200477327
0.6420047732696897
0.639618138424821
0.6336515513126492
0.636038186157518
0.6479713603818615
0.6599045346062052
0.6646778042959427
0.652744630071599
0.639618138424821
0.23627684964200477
0.6336515513126492
0.6754176610978521
0.441527446300716
0.6825775656324582
0.6742243436754176
0.6348448687350835
0.6766109785202864
0.5465393794749404
0.6324582338902148
0.6921241050119332
0.6563245823389021
0.4713603818615752
0.6992840095465394
0.5465393794749404
0.665871121718377
0.6229116945107399
0.6945107398568019
0.6718377088305489
0.5930787589498807
0.6324582338902148
0.6634844868735084
0.6431980906921241
0.5715990453460621
0.6789976133651552
0.6336515513126492
0.6670644391408115
0.6610978520286396
0.6885441527446301
0.5596658711217184
0.6563245823389021
0.630071599045346
0.6766109785202864
0.6610978520286396
0.662291169451074
0.652744630071599
0.665871121718377
0.6610978520286396
0.29236276849642007
0.6563245823389021
0.6372315035799523
0.6718377088305489
0.6455847255369929
0.6503579952267303
0.6384248210023866
0.2852028639618138
0.6789976133651552
0.5155131264916468
0.6694510739856802
0.5990453460620525
0.6503579952267303
0.6754176610978521
0.6754176610978521
0.6288782816229117
0.301909307875895
0.6563245823389021
0.6646778042959427
0.6861575178997613
0.6455847255369929
0.6837708830548926
0.6443914081145584
0.594272076372315
0.6324582338902148
0.6443914081145584
0.6575178997613366
0.630071599045346
0.6276849642004774
0.6336515513126492
0.6467780429594272
0.6539379474940334
0.6682577565632458
0.6706443914081146
0.6503579952267303
0.2613365155131265
0.6694510739856802
0.6694510739856802
0.441527446300716
0.6670644391408115
0.662291169451074
0.6408114558472554
0.6730310262529833
0.6252983293556086
0.5894988066825776
0.28758949880668255
0.6670644391408115
0.6539379474940334
0.649164677804296
0.6563245823389021
0.6587112171837709
0.6646778042959427
0.2720763723150358
0.6515513126491647
0.6431980906921241
0.6551312649164678
0.6682577565632458
0.6682577565632458
0.6861575178997613
0.6587112171837709
0.6813842482100239
0.6479713603818615
0.662291169451074
0.6372315035799523
0.6610978520286396
0.6217183770883055
0.639618138424821
0.6813842482100239
0.43914081145584727
0.6575178997613366
0.6610978520286396
0.45704057279236276
0.6515513126491647
0.6348448687350835
0.6682577565632458
0.665871121718377
0.5572792362768496
0.6062052505966588
0.6193317422434368
0.27088305489260145
0.6909307875894988
0.6766109785202864
0.6372315035799523
0.6479713603818615
0.6563245823389021
0.5894988066825776
0.6646778042959427
0.6420047732696897
0.23031026252983294
0.6682577565632458
0.649164677804296
0.26968973747016706
0.6384248210023866
0.6754176610978521
0.60381861575179
0.6742243436754176
0.6539379474940334
0.6718377088305489
0.6539379474940334
0.6599045346062052
0.26730310262529833
0.6933174224343676
0.6563245823389021
0.6479713603818615
0.6443914081145584
0.6706443914081146
0.5274463007159904
0.639618138424821
0.6515513126491647
0.6384248210023866
0.6742243436754176
0.6515513126491647
0.4486873508353222
0.7028639618138425
0.6515513126491647
0.28758949880668255
0.6455847255369929
0.6157517899761337
0.2863961813842482
0.6837708830548926
0.6801909307875895
0.649164677804296
0.6837708830548926
0.6575178997613366
0.6766109785202864
0.6718377088305489
0.6348448687350835
0.5847255369928401
0.630071599045346
0.6443914081145584
0.6587112171837709
0.6885441527446301
0.6455847255369929
0.6587112171837709
0.6801909307875895
0.6813842482100239
0.6730310262529833
0.652744630071599
0.6587112171837709
0.6682577565632458
0.6766109785202864
0.44630071599045346
0.6002386634844868
0.6539379474940334
0.4451073985680191
0.6646778042959427
0.6754176610978521
0.28878281622911695
0.6503579952267303
0.6336515513126492
0.6420047732696897
0.6706443914081146
0.45584725536992843
0.6348448687350835
0.6288782816229117
0.6766109785202864
0.6372315035799523
0.636038186157518
0.665871121718377
0.6933174224343676
0.5656324582338902
0.665871121718377
0.630071599045346
0.6443914081145584
0.6742243436754176
0.6443914081145584
0.6718377088305489
0.6575178997613366
0.6408114558472554
0.6467780429594272
0.652744630071599
0.6813842482100239
0.630071599045346
0.6563245823389021
0.30071599045346065
0.6742243436754176
0.6575178997613366
0.6479713603818615
0.6837708830548926
0.6599045346062052
0.6718377088305489
0.6670644391408115
0.6706443914081146
0.6730310262529833
0.6873508353221957
0.6992840095465394
0.30668257756563244
0.6551312649164678
0.6276849642004774
0.6825775656324582
0.6515513126491647
0.2863961813842482
0.7040572792362768
0.6181384248210023
0.6706443914081146
0.6372315035799523
0.6730310262529833
0.6575178997613366
0.6789976133651552
0.6730310262529833
0.6670644391408115
0.6455847255369929
0.6420047732696897
0.2911694510739857
0.22195704057279236
0.7016706443914081
0.6551312649164678
0.639618138424821
0.649164677804296
0.6575178997613366
0.6599045346062052
0.6885441527446301
0.6479713603818615
0.6479713603818615
0.18257756563245822
0.6706443914081146
0.6515513126491647
0.6610978520286396
0.652744630071599
0.5346062052505967
0.6324582338902148
0.6336515513126492
0.6479713603818615
0.33770883054892603
0.6503579952267303
0.6479713603818615
0.6813842482100239
0.7028639618138425
0.6575178997613366
0.6205250596658711
0.5894988066825776
0.6670644391408115
0.4152744630071599
0.6718377088305489
0.2494033412887828
0.6431980906921241
0.662291169451074
0.6754176610978521
0.652744630071599
0.6587112171837709
0.6837708830548926
0.6431980906921241
0.6718377088305489
0.6384248210023866
0.6348448687350835
0.5727923627684964
0.6694510739856802
0.6050119331742243
0.6229116945107399
0.6670644391408115
0.5715990453460621
0.2852028639618138
0.6706443914081146
0.649164677804296
0.6145584725536993
0.649164677804296
0.26968973747016706
0.6133651551312649
0.665871121718377
0.6789976133651552
0.6682577565632458
0.6587112171837709
0.6420047732696897
0.41408114558472553
0.6575178997613366
0.5906921241050119
0.6479713603818615
0.5966587112171837
0.6766109785202864
0.6575178997613366
0.6599045346062052
0.6276849642004774
0.652744630071599
0.684964200477327
0.6646778042959427
0.6682577565632458
0.3615751789976134
0.6455847255369929
0.6873508353221957
0.6682577565632458
0.4785202863961814
0.6682577565632458
0.27684964200477324
0.6670644391408115
0.2732696897374702
0.6264916467780429
0.639618138424821
0.6718377088305489
0.6145584725536993
0.639618138424821
0.6539379474940334
0.639618138424821
0.6718377088305489
0.652744630071599
0.6706443914081146
0.6789976133651552
0.6610978520286396
0.6897374701670644
0.45823389021479716
0.6264916467780429
0.6873508353221957
0.6062052505966588
0.6587112171837709
0.662291169451074
0.2386634844868735
0.6479713603818615
0.27923627684964203
0.6443914081145584
0.6646778042959427
0.6778042959427207
0.6455847255369929
0.6575178997613366
0.6718377088305489
0.6539379474940334
0.6348448687350835
0.6670644391408115
0.649164677804296
0.2529832935560859
0.6479713603818615
0.6384248210023866
0.6718377088305489
0.6837708830548926
0.6145584725536993
0.6324582338902148
0.5847255369928401
0.3424821002386635
0.6515513126491647
0.6813842482100239
0.6801909307875895
0.6515513126491647
0.6778042959427207
0.6778042959427207
0.6551312649164678
0.6372315035799523
0.636038186157518
0.301909307875895
0.6670644391408115
0.23747016706443913
0.6646778042959427
0.6718377088305489
0.649164677804296
0.594272076372315
0.665871121718377
0.6575178997613366
0.6431980906921241
0.6634844868735084
0.6563245823389021
0.5548926014319809
0.6861575178997613
0.6646778042959427
0.45465393794749404
0.6420047732696897
0.6312649164677804
0.6551312649164678
0.6181384248210023
0.6754176610978521
0.6455847255369929
0.6813842482100239
0.6610978520286396
0.6646778042959427
0.6503579952267303
0.630071599045346
0.5668257756563246
0.6455847255369929
0.6503579952267303
0.6431980906921241
0.6515513126491647
0.6646778042959427
0.639618138424821
0.27923627684964203
0.6694510739856802
0.5787589498806682
0.6921241050119332
0.6599045346062052
0.6778042959427207
0.5608591885441527
0.5823389021479713
0.6634844868735084
0.6587112171837709
0.594272076372315
0.6813842482100239
0.6181384248210023
0.6503579952267303
0.4797136038186158
0.6575178997613366
0.6885441527446301
0.6563245823389021
0.6992840095465394
0.6312649164677804
0.630071599045346
0.6563245823389021
0.6634844868735084
0.652744630071599
0.6515513126491647
0.6515513126491647
0.6682577565632458
0.6718377088305489
0.6575178997613366
0.2159904534606205
0.6264916467780429
0.6073985680190931
0.5823389021479713
0.6479713603818615
0.6563245823389021
0.6443914081145584
0.6610978520286396
0.6682577565632458
0.6539379474940334
0.5823389021479713
0.6885441527446301
0.6634844868735084
0.6551312649164678
0.4486873508353222
0.662291169451074
0.20405727923627684
0.5632458233890215
0.23389021479713604
0.6575178997613366
0.6563245823389021
0.6587112171837709
0.6897374701670644
0.662291169451074
0.6372315035799523
0.5704057279236276
0.6467780429594272
0.6408114558472554
0.6467780429594272
0.6670644391408115
0.6563245823389021
0.6312649164677804
0.630071599045346
0.6610978520286396
0.6014319809069213
0.6539379474940334
0.28997613365155134
0.6837708830548926
0.6372315035799523
0.581145584725537
0.6706443914081146
0.6694510739856802
0.665871121718377
0.6957040572792362
0.6718377088305489
0.6384248210023866
0.6909307875894988
0.6503579952267303
0.6479713603818615
0.6312649164677804
0.6575178997613366
0.662291169451074
0.665871121718377
0.649164677804296
0.5596658711217184
0.665871121718377
0.6610978520286396
0.6670644391408115
0.6634844868735084
0.6467780429594272
0.2684964200477327
0.6551312649164678
0.6670644391408115
0.28042959427207637
0.6694510739856802
0.6539379474940334
0.28042959427207637
0.6443914081145584
0.6766109785202864
0.6742243436754176
0.652744630071599
0.6742243436754176
0.6610978520286396
0.6599045346062052
0.636038186157518
0.2386634844868735
0.662291169451074
0.6229116945107399
0.6479713603818615
0.6873508353221957
0.6181384248210023
0.6861575178997613
0.27684964200477324
0.4403341288782816
0.6587112171837709
0.652744630071599
0.665871121718377
0.6897374701670644
0.4200477326968974
0.4809069212410501
0.5930787589498807
0.6503579952267303
0.6706443914081146
0.6587112171837709
0.6145584725536993
0.6372315035799523
0.639618138424821
0.44272076372315033
0.6121718377088305
0.6551312649164678
0.662291169451074
0.6431980906921241
0.6921241050119332
0.6467780429594272
0.652744630071599
0.6229116945107399
0.6467780429594272
0.6599045346062052
0.6217183770883055
0.6718377088305489
0.6587112171837709
0.3269689737470167
0.6467780429594272
0.6766109785202864
0.652744630071599
0.6766109785202864
0.6324582338902148
0.6348448687350835
0.6730310262529833
0.652744630071599
0.6575178997613366
0.6455847255369929
0.4439140811455847
0.6646778042959427
0.2684964200477327
0.6646778042959427
0.6599045346062052
0.6109785202863962
0.46539379474940334
0.6599045346062052
0.6455847255369929
0.6312649164677804
0.6252983293556086
0.662291169451074
0.581145584725537
0.46897374701670647
0.4522673031026253
0.6766109785202864
0.6670644391408115
0.6145584725536993
0.6229116945107399
0.6503579952267303
0.6610978520286396
0.4701670644391408
0.6706443914081146
0.6610978520286396
0.6694510739856802
0.649164677804296
0.6968973747016707
0.6706443914081146
0.6587112171837709
0.6384248210023866
0.6646778042959427
0.6336515513126492
0.6646778042959427
0.28042959427207637
0.6408114558472554
0.5608591885441527
0.6193317422434368
0.6575178997613366
0.6646778042959427
0.6634844868735084
0.6599045346062052
0.6431980906921241
0.6479713603818615
0.6575178997613366
0.662291169451074
0.6634844868735084
0.6097852028639618
0.6539379474940334
0.6575178997613366
0.6742243436754176
0.6634844868735084
0.662291169451074
0.6288782816229117
0.6682577565632458
0.6587112171837709
0.6408114558472554
0.6754176610978521
0.6229116945107399
0.6408114558472554
0.6754176610978521
0.649164677804296
0.6408114558472554
0.29594272076372313
0.639618138424821
0.6288782816229117
0.6670644391408115
0.6575178997613366
0.665871121718377
0.6276849642004774
0.5727923627684964
0.4522673031026253
0.6503579952267303
0.6431980906921241
0.6909307875894988
0.6455847255369929
0.6408114558472554
0.5978520286396182
0.6682577565632458
0.2935560859188544
0.6945107398568019
0.6754176610978521
0.665871121718377
0.6264916467780429
0.6861575178997613
0.4403341288782816
0.6992840095465394
0.6503579952267303
0.6539379474940334
0.42482100238663484
0.652744630071599
0.6694510739856802
0.44272076372315033
0.28878281622911695
0.35441527446300713
0.4522673031026253
0.6575178997613366
0.6789976133651552
0.6754176610978521
0.6336515513126492
0.6682577565632458
0.22792362768496421
0.6885441527446301
0.6551312649164678
0.6539379474940334
0.6420047732696897
0.6157517899761337
0.6348448687350835
0.6551312649164678
0.6634844868735084
0.6670644391408115
0.3329355608591885
0.6384248210023866
0.5990453460620525
0.6229116945107399
0.5775656324582339
0.6801909307875895
0.6563245823389021
0.6670644391408115
0.6324582338902148
0.2637231503579952
0.45465393794749404
0.652744630071599
0.6455847255369929
0.6443914081145584
0.42482100238663484
0.6420047732696897
0.6479713603818615
0.6813842482100239
0.6503579952267303
0.6097852028639618
0.6587112171837709
0.6503579952267303
0.6431980906921241
0.6479713603818615
0.6479713603818615
0.6455847255369929
0.6455847255369929
0.6646778042959427
0.684964200477327
0.6718377088305489
0.6706443914081146
0.6563245823389021
0.6133651551312649
0.6694510739856802
0.6551312649164678
0.662291169451074
0.6515513126491647
0.684964200477327
0.4307875894988067
0.6551312649164678
0.6539379474940334
0.4665871121718377
0.6587112171837709
0.6587112171837709
0.662291169451074
0.6682577565632458
0.43675417661097854
0.30787589498806683
0.6264916467780429
0.6479713603818615
0.665871121718377
0.2744630071599045
0.6599045346062052
0.6575178997613366
0.6634844868735084
0.6730310262529833
0.6909307875894988
0.6968973747016707
0.6634844868735084
0.6515513126491647
0.6575178997613366
0.6742243436754176
0.6634844868735084
0.6801909307875895
0.581145584725537
0.6742243436754176
0.649164677804296
0.6718377088305489
0.6730310262529833
0.6825775656324582
0.42720763723150357
0.6706443914081146
0.6372315035799523
0.6420047732696897
0.6897374701670644
0.6002386634844868
0.22792362768496421
0.6539379474940334
0.6599045346062052
0.6837708830548926
0.616945107398568
0.6694510739856802
0.5954653937947494
0.3317422434367542
0.6062052505966588
0.28997613365155134
0.28162291169451076
0.6718377088305489
0.6801909307875895
0.6431980906921241
0.6634844868735084
0.6789976133651552
0.6682577565632458
0.26730310262529833
0.6706443914081146
0.6646778042959427
0.6610978520286396
0.6563245823389021
0.6408114558472554
0.6825775656324582
0.6646778042959427
0.6229116945107399
0.6515513126491647
0.6610978520286396
0.6109785202863962
0.6778042959427207
0.6909307875894988
0.6563245823389021
0.6742243436754176
0.6766109785202864
0.6539379474940334
0.6539379474940334
0.6384248210023866
0.6754176610978521
0.6455847255369929
0.6670644391408115
0.662291169451074
0.6754176610978521
0.6599045346062052
0.2553699284009546
0.6503579952267303
0.6825775656324582
0.6610978520286396
0.6599045346062052
0.6873508353221957
0.19451073985680192
0.6229116945107399
0.6420047732696897
0.652744630071599
0.6193317422434368
0.6479713603818615
0.6420047732696897
0.43556085918854415
0.6575178997613366
0.662291169451074
0.5954653937947494
0.652744630071599
0.6348448687350835
0.6503579952267303
0.6145584725536993
0.6706443914081146
0.6479713603818615
0.6909307875894988
0.6443914081145584
0.6229116945107399
0.46420047732696895
0.649164677804296
0.6575178997613366
0.6336515513126492
0.6730310262529833
0.6575178997613366
0.6133651551312649
0.6479713603818615
0.652744630071599
0.6801909307875895
0.6718377088305489
0.684964200477327
0.5906921241050119
0.6754176610978521
0.6157517899761337
0.6479713603818615
0.6467780429594272
0.6587112171837709
0.5954653937947494
0.6539379474940334
0.6718377088305489
0.4212410501193317
0.6193317422434368
0.5656324582338902
0.665871121718377
0.6825775656324582
0.6479713603818615
0.6229116945107399
0.6706443914081146
0.6646778042959427
0.6682577565632458
0.5704057279236276
0.6909307875894988
0.6587112171837709
0.652744630071599
0.2852028639618138
0.29594272076372313
0.6706443914081146
0.6002386634844868
0.6563245823389021
0.6443914081145584
0.6384248210023866
0.4618138424821002
0.6634844868735084
0.6813842482100239
0.6587112171837709
0.6431980906921241
0.6479713603818615
0.6682577565632458
0.6372315035799523
0.6348448687350835
0.6050119331742243
0.6312649164677804
0.2971360381861575
0.6599045346062052
0.684964200477327
0.5990453460620525
0.684964200477327
0.5656324582338902
0.6503579952267303
0.6646778042959427
0.6479713603818615
0.5417661097852029
0.6801909307875895
0.649164677804296
0.6563245823389021
0.5692124105011933
0.6706443914081146
0.5835322195704057
0.6145584725536993
0.30071599045346065
0.6420047732696897
0.636038186157518
0.6443914081145584
0.6599045346062052
0.29832935560859186
0.6205250596658711
0.30668257756563244
0.6634844868735084
0.6563245823389021
0.28758949880668255
0.6897374701670644
0.6837708830548926
0.6408114558472554
0.5883054892601431
0.6539379474940334
0.6443914081145584
0.6885441527446301
0.6718377088305489
0.6551312649164678
0.4307875894988067
0.30668257756563244
0.6778042959427207
0.6742243436754176
0.6694510739856802
0.6897374701670644
0.6515513126491647
0.4451073985680191
0.27923627684964203
0.6575178997613366
0.6634844868735084
0.6599045346062052
0.6431980906921241
0.5763723150357996
0.4809069212410501
0.6455847255369929
0.6575178997613366
0.6718377088305489
0.6467780429594272
0.6121718377088305
0.29832935560859186
0.6443914081145584
0.6610978520286396
0.6420047732696897
0.6706443914081146
0.6551312649164678
0.6324582338902148
0.28878281622911695
0.5656324582338902
0.6372315035799523
0.6670644391408115
0.2494033412887828
0.6742243436754176
0.6801909307875895
0.6217183770883055
0.5632458233890215
0.6575178997613366
0.639618138424821
0.6718377088305489
0.630071599045346
0.6336515513126492
0.6587112171837709
0.6479713603818615
0.6813842482100239
0.6431980906921241
0.6789976133651552
0.6634844868735084
0.6945107398568019
0.6324582338902148
0.6515513126491647
0.6694510739856802
0.6682577565632458
0.6551312649164678
0.545346062052506
0.6002386634844868
0.4510739856801909
0.6503579952267303
0.5883054892601431
0.6408114558472554
0.652744630071599
0.6420047732696897
0.6145584725536993
0.6515513126491647
0.6921241050119332
0.45346062052505964
0.6634844868735084
0.6575178997613366
0.662291169451074
0.6682577565632458
0.6408114558472554
0.6873508353221957
0.5704057279236276
0.7076372315035799
0.6682577565632458
0.6408114558472554
0.652744630071599
0.6730310262529833
0.6587112171837709
0.5871121718377088
0.4618138424821002
0.636038186157518
0.6252983293556086
0.6587112171837709
0.6575178997613366
0.6551312649164678
0.6073985680190931
0.649164677804296
0.6563245823389021
0.6026252983293556
0.6563245823389021
0.6563245823389021
0.6384248210023866
0.6348448687350835
0.6861575178997613
0.6348448687350835
0.5632458233890215
0.6205250596658711
0.6109785202863962
0.5799522673031027
0.662291169451074
0.6992840095465394
0.6455847255369929
0.6813842482100239
0.630071599045346
0.6778042959427207
0.6587112171837709
0.662291169451074
0.6766109785202864
0.5894988066825776
0.6384248210023866
0.6634844868735084
0.6694510739856802
0.6408114558472554
0.6682577565632458
0.6515513126491647
0.4451073985680191
0.6670644391408115
0.5799522673031027
0.6646778042959427
0.6610978520286396
0.6288782816229117
0.6754176610978521
0.6610978520286396
0.6706443914081146
0.6515513126491647
0.6778042959427207
0.6825775656324582
0.6539379474940334
0.6431980906921241
0.6252983293556086
0.5608591885441527
0.6706443914081146
0.6372315035799523
0.6479713603818615
0.6503579952267303
0.649164677804296
0.21479713603818615
0.6431980906921241
0.6837708830548926
0.5465393794749404
0.6276849642004774
0.6455847255369929
0.6682577565632458
0.6742243436754176
0.6372315035799523
0.6897374701670644
0.6443914081145584
0.29952267303102625
0.6181384248210023
0.6825775656324582
0.6742243436754176
0.636038186157518
0.6336515513126492
0.6610978520286396
0.6515513126491647
0.5799522673031027
0.6348448687350835
0.6431980906921241
0.665871121718377
0.6706443914081146
0.6587112171837709
0.639618138424821
0.6288782816229117
0.6324582338902148
0.6742243436754176
0.6503579952267303
0.6408114558472554
0.636038186157518
0.6587112171837709
0.6682577565632458
0.652744630071599
0.639618138424821
0.301909307875895
0.6909307875894988
0.5906921241050119
0.6825775656324582
0.6515513126491647
0.6610978520286396
0.6515513126491647
0.636038186157518
0.6241050119331742
0.6551312649164678
0.6348448687350835
0.6515513126491647
0.6539379474940334
0.6778042959427207
0.5560859188544153
0.6801909307875895
0.684964200477327
0.6813842482100239
0.45584725536992843
0.6670644391408115
0.2613365155131265
0.6205250596658711
0.6551312649164678
0.6575178997613366
0.6730310262529833
0.6384248210023866
0.1766109785202864
0.6754176610978521
0.3138424821002387
0.6551312649164678
0.6610978520286396
0.6599045346062052
0.6789976133651552
0.639618138424821
0.6682577565632458
0.6575178997613366
0.548926014319809
0.649164677804296
0.665871121718377
0.6634844868735084
0.6694510739856802
0.684964200477327
0.301909307875895
0.6348448687350835
0.44272076372315033
0.6694510739856802
0.6336515513126492
0.6479713603818615
0.6348448687350835
0.652744630071599
0.6706443914081146
0.4630071599045346
0.6551312649164678
0.6575178997613366
0.6599045346062052
0.6670644391408115
0.662291169451074
0.630071599045346
0.26968973747016706
0.6730310262529833
0.6837708830548926
0.6694510739856802
0.649164677804296
0.6312649164677804
0.6682577565632458
0.4439140811455847
0.5572792362768496
0.662291169451074
0.6813842482100239
0.6312649164677804
0.6778042959427207
0.6730310262529833
0.29832935560859186
0.6599045346062052
0.5727923627684964
0.6467780429594272
0.6539379474940334
0.6599045346062052
0.649164677804296
0.21957040572792363
0.6670644391408115
0.636038186157518
0.7040572792362768
0.6443914081145584
0.6563245823389021
0.6730310262529833
0.6479713603818615
0.6718377088305489
0.684964200477327
0.6789976133651552
0.6610978520286396
0.6789976133651552
0.6276849642004774
0.5727923627684964
0.636038186157518
0.6766109785202864
0.6264916467780429
0.6646778042959427
0.6563245823389021
0.6467780429594272
0.6885441527446301
0.29952267303102625
0.630071599045346
0.6766109785202864
0.5572792362768496
0.6073985680190931
0.6754176610978521
0.6742243436754176
0.6682577565632458
0.6420047732696897
0.6706443914081146
0.6563245823389021
0.6073985680190931
0.21360381861575178
0.6408114558472554
0.6264916467780429
0.2541766109785203
0.6754176610978521
0.6921241050119332
0.6229116945107399
0.21957040572792363
0.6551312649164678
0.2840095465393795
0.6610978520286396
0.6467780429594272
0.6610978520286396
0.649164677804296
0.6503579952267303
0.4379474940334129
0.649164677804296
0.6109785202863962
0.6730310262529833
0.6551312649164678
0.6897374701670644
0.5871121718377088
0.28162291169451076
0.6861575178997613
0.6730310262529833
0.6348448687350835
0.5739856801909308
0.29952267303102625
0.6503579952267303
0.6408114558472554
0.27684964200477324
0.5906921241050119
0.6431980906921241
0.6467780429594272
0.6372315035799523
0.4451073985680191
0.6718377088305489
0.6443914081145584
0.6599045346062052
0.23269689737470167
0.6670644391408115
0.6742243436754176
0.6479713603818615
0.6575178997613366
0.2840095465393795
0.418854415274463
0.6264916467780429
0.6646778042959427
0.6443914081145584
0.6706443914081146
0.6634844868735084
0.6670644391408115
0.6610978520286396
0.6670644391408115
0.6384248210023866
0.6455847255369929
0.6587112171837709
0.4116945107398568
0.6610978520286396
0.6097852028639618
0.6897374701670644
0.5405727923627685
0.6646778042959427
0.6682577565632458
0.6539379474940334
0.6730310262529833
0.4594272076372315
0.6563245823389021
0.6599045346062052
0.6646778042959427
0.6455847255369929
0.29832935560859186
0.6193317422434368
0.29236276849642007
0.6825775656324582
0.5525059665871122
0.6730310262529833
0.6587112171837709
0.6014319809069213
0.6539379474940334
0.6515513126491647
0.6587112171837709
0.6217183770883055
0.6706443914081146
0.652744630071599
0.6646778042959427
0.6587112171837709
0.665871121718377
0.4510739856801909
0.6789976133651552
0.6730310262529833
0.6778042959427207
0.6503579952267303
0.6706443914081146
0.636038186157518
0.6467780429594272
0.6813842482100239
0.23389021479713604
0.3794749403341289
0.6670644391408115
0.6264916467780429
0.6587112171837709
0.6885441527446301
0.6348448687350835
0.6372315035799523
0.6718377088305489
0.6789976133651552
0.6885441527446301
0.29236276849642007
0.6742243436754176
0.6252983293556086
0.6408114558472554
0.6312649164677804
0.6085918854415274
0.6479713603818615
0.31742243436754175
0.6384248210023866
0.6694510739856802
0.6431980906921241
0.6718377088305489
0.6479713603818615
0.6825775656324582
0.6503579952267303
0.28042959427207637
0.6968973747016707
0.431980906921241
0.6789976133651552
0.6634844868735084
0.6551312649164678
0.2852028639618138
0.6264916467780429
0.5632458233890215
0.6551312649164678
0.6264916467780429
0.6479713603818615
0.6539379474940334
0.5906921241050119
0.6801909307875895
0.6766109785202864
0.6742243436754176
0.6408114558472554
0.6754176610978521
0.6706443914081146
0.6933174224343676
0.6634844868735084
0.5393794749403341
0.6408114558472554
0.6610978520286396
0.6563245823389021
0.6646778042959427
0.6718377088305489
0.630071599045346
0.6073985680190931
0.6825775656324582
0.6646778042959427
0.6348448687350835
0.652744630071599
0.6646778042959427
0.6276849642004774
0.6575178997613366
0.6813842482100239
0.662291169451074
0.6718377088305489
0.6861575178997613
0.6443914081145584
0.32100238663484487
0.6181384248210023
0.6909307875894988
0.6515513126491647
0.6420047732696897
0.6384248210023866
0.6754176610978521
0.6754176610978521
0.6610978520286396
0.6467780429594272
0.6706443914081146
0.6479713603818615
0.6766109785202864
0.6634844868735084
0.6730310262529833
0.6778042959427207
0.6515513126491647
0.6431980906921241
0.6742243436754176
0.6479713603818615
0.6479713603818615
0.6431980906921241
0.6073985680190931
0.6384248210023866
0.6467780429594272
0.6408114558472554
0.6825775656324582
0.6599045346062052
0.652744630071599
0.43675417661097854
0.5692124105011933
0.662291169451074
0.27088305489260145
0.6670644391408115
0.6610978520286396
0.6897374701670644
0.6324582338902148
0.6992840095465394
0.6288782816229117
0.6754176610978521
0.4236276849642005
0.7088305489260143
0.26610978520286394
0.6897374701670644
0.6312649164677804
0.6467780429594272
0.2828162291169451
0.665871121718377
0.6646778042959427
0.649164677804296
0.6205250596658711
0.2756563245823389
0.6515513126491647
0.6754176610978521
0.6431980906921241
0.5835322195704057
0.6288782816229117
0.6229116945107399
0.6670644391408115
0.6801909307875895
0.6670644391408115
0.6431980906921241
0.6563245823389021
0.6575178997613366
0.6730310262529833
0.665871121718377
0.6324582338902148
0.6408114558472554
0.6455847255369929
0.6551312649164678
0.44272076372315033
0.6420047732696897
0.6336515513126492
0.6551312649164678
0.6372315035799523
0.45584725536992843
0.6682577565632458
0.6742243436754176
0.6455847255369929
0.6408114558472554
0.6312649164677804
0.5739856801909308
0.649164677804296
0.6539379474940334
0.6754176610978521
0.5668257756563246
0.5656324582338902
0.22911694510739858
0.684964200477327
0.662291169451074
0.649164677804296
0.6742243436754176
0.684964200477327
0.6539379474940334
0.6837708830548926
0.6766109785202864
0.6575178997613366
0.5954653937947494
0.2971360381861575
0.6587112171837709
0.6515513126491647
0.6682577565632458
0.6324582338902148
0.6706443914081146
0.6503579952267303
0.6503579952267303
0.5990453460620525
0.6694510739856802
0.6718377088305489
0.6610978520286396
0.6682577565632458
0.6420047732696897
0.6968973747016707
0.6730310262529833
0.6217183770883055
0.6945107398568019
0.6372315035799523
0.6730310262529833
0.6778042959427207
0.6503579952267303
0.6933174224343676
0.6503579952267303
0.6694510739856802
0.5763723150357996
0.6813842482100239
0.6670644391408115
0.30668257756563244
0.6455847255369929
0.4606205250596659
0.5918854415274463
0.6694510739856802
0.6479713603818615
0.6742243436754176
0.6563245823389021
0.6706443914081146
0.6825775656324582
0.6241050119331742
0.6730310262529833
0.6372315035799523
0.6575178997613366
0.6467780429594272
0.6610978520286396
0.6467780429594272
0.6575178997613366
0.6885441527446301
0.649164677804296
0.6217183770883055
0.6515513126491647
0.6766109785202864
0.5966587112171837
0.27804295942720764
0.46539379474940334
0.6503579952267303
0.6706443914081146
0.6443914081145584
0.2911694510739857
0.6563245823389021
0.6766109785202864
0.649164677804296
0.6646778042959427
0.649164677804296
0.6825775656324582
0.6455847255369929
0.4331742243436754
0.6634844868735084
0.6718377088305489
0.2947494033412888
0.665871121718377
0.6670644391408115
0.6539379474940334
0.630071599045346
0.6754176610978521
0.4713603818615752
0.665871121718377
0.6479713603818615
0.2732696897374702
0.6372315035799523
0.6324582338902148
0.698090692124105
0.5465393794749404
0.6610978520286396
0.6587112171837709
0.4498806682577566
0.5859188544152745
0.6610978520286396
0.6718377088305489
0.46539379474940334
0.6599045346062052
0.6408114558472554
0.6575178997613366
0.6479713603818615
0.6682577565632458
0.4403341288782816
0.6789976133651552
0.5847255369928401
0.6610978520286396
0.630071599045346
0.5978520286396182
0.6551312649164678
0.6205250596658711
0.6670644391408115
0.652744630071599
0.6479713603818615
0.6587112171837709
0.6515513126491647
0.6336515513126492
0.6670644391408115
0.301909307875895
0.6467780429594272
0.639618138424821
0.665871121718377
0.5787589498806682
0.6121718377088305
0.6718377088305489
0.6539379474940334
0.6634844868735084
0.5763723150357996
0.418854415274463
0.6766109785202864
0.6408114558472554
0.6706443914081146
0.568019093078759
0.6229116945107399
0.665871121718377
0.6634844868735084
0.6754176610978521
0.6455847255369929
0.22673031026252982
0.652744630071599
0.6610978520286396
0.6443914081145584
0.6420047732696897
0.662291169451074
0.6718377088305489
0.6324582338902148
0.6742243436754176
0.6825775656324582
0.652744630071599
0.7052505966587113
0.6563245823389021
0.6384248210023866
0.6646778042959427
0.6443914081145584
0.5584725536992841
0.665871121718377
0.6443914081145584
0.6599045346062052
0.60381861575179
0.6599045346062052
0.6515513126491647
0.6730310262529833
0.6789976133651552
0.6133651551312649
0.6563245823389021
0.6348448687350835
0.6634844868735084
0.6515513126491647
0.6634844868735084
0.6754176610978521
0.6730310262529833
0.42840095465393796
0.5656324582338902
0.6539379474940334
0.6563245823389021
0.6503579952267303
0.6634844868735084
0.30071599045346065
0.665871121718377
0.20883054892601433
0.6312649164677804
0.6575178997613366
0.6467780429594272
0.698090692124105
0.2911694510739857
0.6539379474940334
0.5871121718377088
0.2756563245823389
0.6252983293556086
0.6587112171837709
0.662291169451074
0.2720763723150358
0.6181384248210023
0.44272076372315033
0.6276849642004774
0.6766109785202864
0.3341288782816229
0.5823389021479713
0.6408114558472554
0.6933174224343676
0.6599045346062052
0.652744630071599
0.6778042959427207
0.6575178997613366
0.4522673031026253
0.6467780429594272
0.2828162291169451
0.639618138424821
0.6766109785202864
0.6384248210023866
0.6443914081145584
0.6551312649164678
0.6789976133651552
0.6515513126491647
0.6372315035799523
0.6837708830548926
0.5954653937947494
0.6503579952267303
0.6754176610978521
0.6694510739856802
0.684964200477327
0.47494033412887826
0.6610978520286396
0.662291169451074
0.6706443914081146
0.6431980906921241
0.6599045346062052
0.684964200477327
0.684964200477327
0.6730310262529833
0.6503579952267303
0.5525059665871122
0.636038186157518
0.6742243436754176
0.5656324582338902
0.5799522673031027
0.6443914081145584
0.2828162291169451
0.6646778042959427
0.5513126491646778
0.5692124105011933
0.6921241050119332
0.6252983293556086
0.6264916467780429
0.6503579952267303
0.6813842482100239
0.5632458233890215
0.6861575178997613
0.5656324582338902
0.5548926014319809
0.6789976133651552
0.6408114558472554
0.6813842482100239
0.6670644391408115
0.6599045346062052
0.6157517899761337
0.6575178997613366
0.652744630071599
0.6551312649164678
0.6670644391408115
0.6813842482100239
0.2935560859188544
0.6145584725536993
0.6742243436754176
0.652744630071599
0.2732696897374702
0.6097852028639618
0.6264916467780429
0.5715990453460621
0.6455847255369929
0.6467780429594272
0.3126491646778043
0.6467780429594272
0.649164677804296
0.6706443914081146
0.6992840095465394
0.6551312649164678
0.6384248210023866
0.649164677804296
0.6730310262529833
0.6861575178997613
0.6670644391408115
0.3424821002386635
0.6599045346062052
0.6539379474940334
0.6646778042959427
0.6443914081145584
0.6634844868735084
0.6479713603818615
0.6670644391408115
0.6563245823389021
0.6002386634844868
0.6431980906921241
0.27923627684964203
0.630071599045346
0.27804295942720764
0.6420047732696897
0.6014319809069213
0.6241050119331742
0.6861575178997613
0.6563245823389021
0.6252983293556086
0.616945107398568
0.2386634844868735
0.29952267303102625
0.665871121718377
0.6599045346062052
0.5835322195704057
0.6551312649164678
0.6575178997613366
0.6873508353221957
0.6789976133651552
0.6455847255369929
0.6706443914081146
0.6241050119331742
0.6515513126491647
0.6897374701670644
0.6288782816229117
0.6420047732696897
0.4295942720763723
0.6778042959427207
0.6694510739856802
0.6706443914081146
0.6575178997613366
0.6825775656324582
0.6610978520286396
0.6682577565632458
0.6766109785202864
0.2732696897374702
0.652744630071599
0.6539379474940334
0.6539379474940334
0.6455847255369929
0.6706443914081146
0.6479713603818615
0.6252983293556086
0.6885441527446301
0.6455847255369929
0.6384248210023866
0.6575178997613366
0.636038186157518
0.6634844868735084
0.6420047732696897
0.6408114558472554
0.6873508353221957
0.7004773269689738
0.6682577565632458
0.6992840095465394
0.652744630071599
0.6778042959427207
0.662291169451074
0.2828162291169451
0.6479713603818615
0.665871121718377
0.6348448687350835
0.6837708830548926
0.6575178997613366
0.37708830548926014
0.6324582338902148
0.45823389021479716
0.6610978520286396
0.29594272076372313
0.665871121718377
0.6646778042959427
0.6682577565632458
0.6443914081145584
0.6718377088305489
0.6754176610978521
0.6336515513126492
0.6431980906921241
0.2744630071599045
0.5930787589498807
0.6372315035799523
0.649164677804296
0.6837708830548926
0.6706443914081146
0.6431980906921241
0.652744630071599
0.652744630071599
0.6503579952267303
0.6455847255369929
0.43675417661097854
0.6766109785202864
0.6861575178997613
0.28997613365155134
0.6813842482100239
0.6324582338902148
0.6610978520286396
0.6778042959427207
0.6706443914081146
0.684964200477327
0.6515513126491647
0.6885441527446301
0.6789976133651552
0.6563245823389021
0.6754176610978521
0.6420047732696897
0.6443914081145584
0.6539379474940334
0.6766109785202864
0.5739856801909308
0.662291169451074
0.6455847255369929
0.6885441527446301
0.6634844868735084
0.6730310262529833
0.7028639618138425
0.6252983293556086
0.6551312649164678
0.6455847255369929
0.6754176610978521
0.684964200477327
0.684964200477327
0.6730310262529833
0.6682577565632458
0.6718377088305489
0.6634844868735084
0.6599045346062052
0.639618138424821
0.6813842482100239
0.6754176610978521
0.5954653937947494
0.581145584725537
0.441527446300716
0.6706443914081146
0.6682577565632458
0.6539379474940334
0.6730310262529833
0.6551312649164678
0.6420047732696897
0.6503579952267303
0.6837708830548926
0.22195704057279236
0.6766109785202864
0.6420047732696897
0.665871121718377
0.6503579952267303
0.662291169451074
0.45704057279236276
0.6062052505966588
0.6372315035799523
0.6730310262529833
0.6551312649164678
0.6205250596658711
0.6539379474940334
0.6682577565632458
0.649164677804296
0.6539379474940334
0.6551312649164678
0.662291169451074
0.684964200477327
0.636038186157518
0.662291169451074
0.6515513126491647
0.6050119331742243
0.6431980906921241
0.5883054892601431
0.29594272076372313
0.6837708830548926
0.6634844868735084
0.6706443914081146
0.60381861575179
0.6587112171837709
0.6682577565632458
0.5715990453460621
0.6443914081145584
0.5990453460620525
0.6384248210023866
0.5859188544152745
0.5930787589498807
0.6420047732696897
0.6670644391408115
0.5632458233890215
0.636038186157518
0.6563245823389021
0.684964200477327
0.6670644391408115
0.6670644391408115
0.6694510739856802
0.6766109785202864
0.5954653937947494
0.6730310262529833
0.6443914081145584
0.6778042959427207
0.6181384248210023
0.6634844868735084
0.6443914081145584
0.6193317422434368
0.6682577565632458
0.6646778042959427
0.6205250596658711
0.662291169451074
0.6945107398568019
0.6324582338902148
0.6431980906921241
0.6408114558472554
0.6718377088305489
0.649164677804296
0.6372315035799523
0.6551312649164678
0.6288782816229117
0.665871121718377
0.6599045346062052
0.6563245823389021
0.6718377088305489
0.6324582338902148
0.6587112171837709
0.6312649164677804
0.6288782816229117
0.6694510739856802
0.6575178997613366
0.6599045346062052
0.6515513126491647
0.6599045346062052
0.6312649164677804
0.6050119331742243
0.6789976133651552
0.6599045346062052
0.594272076372315
0.6778042959427207
0.6575178997613366
0.649164677804296
0.6467780429594272
0.6121718377088305
0.5715990453460621
0.6813842482100239
0.6503579952267303
0.6801909307875895
0.6646778042959427
0.6599045346062052
0.652744630071599
0.6682577565632458
0.6312649164677804
0.6264916467780429
0.6694510739856802
0.652744630071599
0.6073985680190931
0.6789976133651552
0.6587112171837709
0.6718377088305489
0.6467780429594272
0.6885441527446301
0.7064439140811456
0.2613365155131265
0.662291169451074
0.6288782816229117
0.6694510739856802
0.6348448687350835
0.6885441527446301
0.5930787589498807
0.6730310262529833
0.23389021479713604
0.4665871121718377
0.6420047732696897
0.6551312649164678
0.6813842482100239
0.6873508353221957
0.6778042959427207
0.31145584725536996
0.6348448687350835
0.6599045346062052
0.6670644391408115
0.665871121718377
0.639618138424821
0.6467780429594272
0.6312649164677804
0.6467780429594272
0.6551312649164678
0.3138424821002387
0.5668257756563246
0.6646778042959427
0.6587112171837709
0.6754176610978521
0.42720763723150357
0.649164677804296
0.6539379474940334
0.6563245823389021
0.6312649164677804
0.6754176610978521
0.6467780429594272
0.4510739856801909
0.6336515513126492
0.6742243436754176
0.6694510739856802
0.6443914081145584
0.6384248210023866
0.6599045346062052
0.6587112171837709
0.649164677804296
0.44630071599045346
0.6324582338902148
0.4737470167064439
0.6730310262529833
0.6885441527446301
0.6014319809069213
0.6909307875894988
0.6575178997613366
0.6634844868735084
0.6754176610978521
0.6610978520286396
0.5334128878281623
0.639618138424821
0.6682577565632458
0.6372315035799523
0.6455847255369929
0.6610978520286396
0.6575178997613366
0.6443914081145584
0.665871121718377
0.6563245823389021
0.6467780429594272
0.6694510739856802
0.6599045346062052
0.6730310262529833
0.6217183770883055
0.6646778042959427
0.6324582338902148
0.6837708830548926
0.6241050119331742
0.6563245823389021
0.665871121718377
0.6252983293556086
0.665871121718377
0.662291169451074
0.652744630071599
0.6778042959427207
0.665871121718377
0.6706443914081146
0.6610978520286396
0.6193317422434368
0.6706443914081146
0.45704057279236276
0.6515513126491647
0.636038186157518
0.6754176610978521
0.5978520286396182
0.6479713603818615
0.662291169451074
0.6634844868735084
0.6742243436754176
0.662291169451074
0.6694510739856802
0.6551312649164678
0.6312649164677804
0.6288782816229117
0.2541766109785203
0.6778042959427207
0.5906921241050119
0.6789976133651552
0.649164677804296
0.6670644391408115
0.6467780429594272
0.30071599045346065
0.6718377088305489
0.5859188544152745
0.6336515513126492
0.6921241050119332
0.6599045346062052
0.6634844868735084
0.6813842482100239
0.5823389021479713
0.652744630071599
0.6539379474940334
0.6861575178997613
0.6670644391408115
0.6837708830548926
0.665871121718377
0.6706443914081146
0.6634844868735084
0.5620525059665871
0.6706443914081146
0.6455847255369929
0.639618138424821
0.6324582338902148
0.6646778042959427
0.6515513126491647
0.6551312649164678
0.6789976133651552
0.6324582338902148
0.24224343675417662
0.2016706443914081
0.6336515513126492
0.6933174224343676
0.6479713603818615
0.6205250596658711
0.6384248210023866
0.6384248210023866
0.5548926014319809
0.6813842482100239
0.6276849642004774
0.6431980906921241
0.6694510739856802
0.6467780429594272
0.6384248210023866
0.6682577565632458
0.6229116945107399
0.6443914081145584
0.6324582338902148
0.6778042959427207
0.6324582338902148
0.6372315035799523
0.652744630071599
0.47255369928400953
0.662291169451074
0.6551312649164678
0.6730310262529833
0.6706443914081146
0.6825775656324582
0.6575178997613366
0.6670644391408115
0.6062052505966588
0.4439140811455847
0.6324582338902148
0.6420047732696897
0.6217183770883055
0.6217183770883055
0.6945107398568019
0.6551312649164678
0.6515513126491647
0.5883054892601431
0.6754176610978521
0.6754176610978521
0.6825775656324582
0.6515513126491647
0.6599045346062052
0.6431980906921241
0.6682577565632458
0.6610978520286396
0.684964200477327
0.581145584725537
0.2852028639618138
0.6599045346062052
0.6634844868735084
0.6539379474940334
0.6515513126491647
0.662291169451074
0.6885441527446301
0.6217183770883055
0.6825775656324582
0.6324582338902148
0.2720763723150358
0.6706443914081146
0.2637231503579952
0.6455847255369929
0.7028639618138425
0.6205250596658711
0.6587112171837709
0.6348448687350835
0.6515513126491647
0.5668257756563246
0.6742243436754176
0.6324582338902148
0.6813842482100239
0.6420047732696897
0.5990453460620525
0.6455847255369929
0.6730310262529833
0.6813842482100239
0.2911694510739857
0.34725536992840095
0.6384248210023866
0.6587112171837709
0.665871121718377
0.6861575178997613
0.6718377088305489
0.6563245823389021
0.6778042959427207
0.6646778042959427
0.6706443914081146
0.665871121718377
0.6813842482100239
0.431980906921241
0.6610978520286396
0.6431980906921241
0.662291169451074
0.6503579952267303
0.6825775656324582
0.662291169451074
0.6730310262529833
0.6599045346062052
0.6742243436754176
0.6730310262529833
0.4618138424821002
0.6897374701670644
0.6467780429594272
0.6742243436754176
0.6754176610978521
0.6599045346062052
0.6897374701670644
0.6742243436754176
0.6193317422434368
0.6336515513126492
0.6539379474940334
0.6634844868735084
0.6718377088305489
0.3436754176610978
0.27684964200477324
0.6563245823389021
0.6443914081145584
0.6312649164677804
0.649164677804296
0.4236276849642005
0.6670644391408115
0.6646778042959427
0.6789976133651552
0.6861575178997613
0.639618138424821
0.6897374701670644
0.652744630071599
0.6825775656324582
0.6730310262529833
0.684964200477327
0.6515513126491647
0.5727923627684964
0.639618138424821
0.3042959427207637
0.6145584725536993
0.649164677804296
0.6420047732696897
0.6420047732696897
0.4033412887828162
0.6288782816229117
0.5954653937947494
0.6539379474940334
0.6754176610978521
0.6575178997613366
0.6682577565632458
0.6539379474940334
0.616945107398568
0.6789976133651552
0.6694510739856802
0.42840095465393796
0.6229116945107399
0.6145584725536993
0.6766109785202864
0.6575178997613366
0.6133651551312649
0.6336515513126492
0.6694510739856802
0.6730310262529833
0.6634844868735084
0.6754176610978521
0.6503579952267303
0.6479713603818615
0.649164677804296
0.6968973747016707
0.5787589498806682
0.6575178997613366
0.652744630071599
0.6682577565632458
0.639618138424821
0.6682577565632458
0.6861575178997613
0.6646778042959427
0.6467780429594272
0.6563245823389021
0.6670644391408115
0.6706443914081146
0.6348448687350835
0.6968973747016707
0.6837708830548926
0.684964200477327
0.2852028639618138
0.6754176610978521
0.6670644391408115
0.698090692124105
0.649164677804296
0.6515513126491647
0.684964200477327
0.6766109785202864
0.6730310262529833
0.6610978520286396
0.649164677804296
0.6587112171837709
0.6145584725536993
0.652744630071599
0.6706443914081146
0.6455847255369929
0.6789976133651552
0.6801909307875895
0.6873508353221957
0.6539379474940334
0.6754176610978521
0.6455847255369929
0.6945107398568019
0.6324582338902148
0.6539379474940334
0.6587112171837709
0.5608591885441527
0.6634844868735084
0.684964200477327
0.5775656324582339
0.6336515513126492
0.5632458233890215
0.6646778042959427
0.6766109785202864
0.6706443914081146
0.5847255369928401
0.6813842482100239
0.6610978520286396
0.6551312649164678
0.6348448687350835
0.6587112171837709
0.6694510739856802
0.6479713603818615
0.6670644391408115
0.6408114558472554
0.6551312649164678
0.649164677804296
0.6515513126491647
0.6479713603818615
0.6539379474940334
0.6706443914081146
0.45465393794749404
0.6694510739856802
0.6479713603818615
0.28758949880668255
0.6670644391408115
0.6706443914081146
0.6646778042959427
0.636038186157518
0.6861575178997613
0.5620525059665871
0.6408114558472554
0.652744630071599
0.6062052505966588
0.24701670644391407
0.6348448687350835
0.652744630071599
0.6479713603818615
0.4439140811455847
0.662291169451074
0.2529832935560859
0.6825775656324582
0.6599045346062052
0.6288782816229117
0.665871121718377
0.6599045346062052
0.6539379474940334
0.6670644391408115
0.6563245823389021
0.6789976133651552
0.6610978520286396
0.6778042959427207
0.6599045346062052
0.6646778042959427
0.6336515513126492
0.6897374701670644
0.4451073985680191
0.6085918854415274
0.5441527446300716
0.2756563245823389
0.6563245823389021
0.6241050119331742
0.6479713603818615
0.684964200477327
0.6694510739856802
0.6229116945107399
0.6348448687350835
0.684964200477327
0.6420047732696897
0.2494033412887828
0.665871121718377
0.5883054892601431
0.5787589498806682
0.6610978520286396
0.6801909307875895
0.6599045346062052
0.6479713603818615
0.6443914081145584
0.315035799522673
0.6599045346062052
0.652744630071599
0.6801909307875895
0.630071599045346
0.2732696897374702
0.6312649164677804
0.6455847255369929
0.6897374701670644
0.6252983293556086
0.6372315035799523
0.665871121718377
0.6288782816229117
0.630071599045346
0.6801909307875895
0.6002386634844868
0.6467780429594272
0.6670644391408115
0.6634844868735084
0.6706443914081146
0.6801909307875895
0.6443914081145584
0.6801909307875895
0.6503579952267303
0.639618138424821
0.6634844868735084
0.6885441527446301
0.6778042959427207
0.6801909307875895
0.6837708830548926
0.6754176610978521
0.6825775656324582
0.652744630071599
0.6575178997613366
0.2613365155131265
0.6682577565632458
0.652744630071599
0.684964200477327
0.6599045346062052
0.662291169451074
0.665871121718377
0.636038186157518
0.6778042959427207
0.6420047732696897
0.6610978520286396
0.6551312649164678
0.6718377088305489
0.6384248210023866
0.6885441527446301
0.639618138424821
0.6766109785202864
0.6706443914081146
0.4439140811455847
0.6467780429594272
0.6575178997613366
0.6479713603818615
0.6670644391408115
0.27804295942720764
0.665871121718377
0.6467780429594272
0.6336515513126492
0.6670644391408115
0.6646778042959427
0.6479713603818615
0.6515513126491647
0.6610978520286396
0.6575178997613366
0.5715990453460621
0.662291169451074
0.652744630071599
0.6193317422434368
0.4486873508353222
0.6575178997613366
0.684964200477327
0.652744630071599
0.6241050119331742
0.6050119331742243
0.27923627684964203
0.6348448687350835
0.639618138424821
0.6766109785202864
0.6348448687350835
0.6694510739856802
0.6789976133651552
0.6897374701670644
0.6694510739856802
0.581145584725537
0.6837708830548926
0.6133651551312649
0.2863961813842482
0.649164677804296
0.6813842482100239
0.6205250596658711
0.6467780429594272
0.6718377088305489
0.6551312649164678
0.6646778042959427
0.6408114558472554
0.6133651551312649
0.6372315035799523
0.639618138424821
0.6372315035799523
0.652744630071599
0.6372315035799523
0.5751789976133651
0.6718377088305489
0.4343675417661098
0.6002386634844868
0.6646778042959427
0.636038186157518
0.6205250596658711
0.5978520286396182
0.5393794749403341
0.5906921241050119
0.6873508353221957
0.6587112171837709
0.6670644391408115
0.6813842482100239
0.649164677804296
0.4785202863961814
0.6539379474940334
0.6801909307875895
0.35441527446300713
0.652744630071599
0.6670644391408115
0.684964200477327
0.5298329355608592
0.5990453460620525
0.630071599045346
0.6587112171837709
0.46897374701670647
0.5859188544152745
0.6587112171837709
0.6670644391408115
0.6861575178997613
0.6933174224343676
0.639618138424821
0.6467780429594272
0.6288782816229117
0.6599045346062052
0.6503579952267303
0.6599045346062052
0.6479713603818615
0.6742243436754176
0.6694510739856802
0.6670644391408115
0.6766109785202864
0.31026252983293556
0.6575178997613366
0.6670644391408115
0.6730310262529833
0.6587112171837709
0.6694510739856802
0.6539379474940334
0.6515513126491647
0.684964200477327
0.6682577565632458
0.6610978520286396
0.6599045346062052
0.639618138424821
0.665871121718377
0.649164677804296
0.639618138424821
0.2732696897374702
0.6754176610978521
0.2756563245823389
0.6443914081145584
0.6264916467780429
0.6873508353221957
0.19809069212410502
0.5572792362768496
0.6276849642004774
0.6431980906921241
0.6551312649164678
0.6205250596658711
0.6682577565632458
0.6742243436754176
0.6599045346062052
0.6921241050119332
0.6575178997613366
0.4618138424821002
0.2852028639618138
0.6229116945107399
0.6408114558472554
0.6634844868735084
0.6443914081145584
0.6801909307875895
0.6324582338902148
0.636038186157518
0.636038186157518
0.6276849642004774
0.6599045346062052
0.6109785202863962
0.6634844868735084
0.30071599045346065
0.662291169451074
0.44272076372315033
0.6050119331742243
0.6575178997613366
0.6801909307875895
0.6420047732696897
0.6634844868735084
0.6778042959427207
0.6610978520286396
0.6575178997613366
0.5763723150357996
0.636038186157518
0.665871121718377
0.6730310262529833
0.6372315035799523
0.5668257756563246
0.6372315035799523
0.5596658711217184
0.649164677804296
0.6766109785202864
0.28042959427207637
0.6730310262529833
0.6789976133651552
0.6503579952267303
0.6587112171837709
0.4630071599045346
0.6503579952267303
0.6050119331742243
0.6348448687350835
0.5477326968973747
0.6479713603818615
0.6634844868735084
0.649164677804296
0.6443914081145584
0.630071599045346
0.6599045346062052
0.5930787589498807
0.6706443914081146
0.4522673031026253
0.6515513126491647
0.5692124105011933
0.630071599045346
0.6789976133651552
0.6670644391408115
0.662291169451074
0.4522673031026253
0.6563245823389021
0.652744630071599
0.652744630071599
0.6634844868735084
0.28162291169451076
0.44749403341288785
0.6813842482100239
0.6694510739856802
0.6646778042959427
0.6539379474940334
0.18377088305489261
0.6312649164677804
0.665871121718377
0.6050119331742243
0.6443914081145584
0.662291169451074
0.6372315035799523
0.4713603818615752
0.698090692124105
0.32100238663484487
0.6431980906921241
0.6945107398568019
0.6682577565632458
0.5978520286396182
0.6921241050119332
0.42840095465393796
0.6539379474940334
0.6730310262529833
0.6718377088305489
0.6455847255369929
0.6682577565632458
0.6575178997613366
0.6109785202863962
0.5990453460620525
0.6646778042959427
0.6503579952267303
0.6718377088305489
0.684964200477327
0.6336515513126492
0.6408114558472554
0.6646778042959427
0.665871121718377
0.5596658711217184
0.649164677804296
0.6587112171837709
0.5859188544152745
0.6694510739856802
0.6264916467780429
0.6336515513126492
0.6634844868735084
0.6718377088305489
0.32577565632458233
0.6479713603818615
0.6778042959427207
0.25178997613365156
0.25894988066825775
0.6610978520286396
0.6479713603818615
0.6443914081145584
0.5906921241050119
0.6682577565632458
0.6503579952267303
0.665871121718377
0.662291169451074
0.5930787589498807
0.6646778042959427
0.6479713603818615
0.4892601431980907
0.6539379474940334
0.639618138424821
0.6288782816229117
0.26610978520286394
0.6599045346062052
0.6241050119331742
0.6909307875894988
0.6587112171837709
0.6587112171837709
0.43914081145584727
0.6336515513126492
0.6575178997613366
0.6515513126491647
0.6575178997613366
0.2756563245823389
0.6610978520286396
0.6670644391408115
0.6384248210023866
0.6646778042959427
0.6551312649164678
0.6634844868735084
0.6813842482100239
0.6229116945107399
0.6563245823389021
0.6575178997613366
0.6813842482100239
0.665871121718377
0.6754176610978521
0.6443914081145584
0.5918854415274463
0.5715990453460621
0.6694510739856802
0.616945107398568
0.30071599045346065
0.6324582338902148
0.6718377088305489
0.6610978520286396
0.4522673031026253
0.6754176610978521
0.6682577565632458
0.662291169451074
0.6718377088305489
0.6718377088305489
0.6408114558472554
0.6288782816229117
0.6670644391408115
0.6610978520286396
0.6479713603818615
0.6801909307875895
0.5727923627684964
0.6766109785202864
0.6575178997613366
0.6599045346062052
0.5560859188544153
0.6670644391408115
0.6897374701670644
0.665871121718377
0.6503579952267303
0.49522673031026254
0.6599045346062052
0.6467780429594272
0.46539379474940334
0.6515513126491647
0.6587112171837709
0.6801909307875895
0.25894988066825775
0.6324582338902148
0.6682577565632458
0.636038186157518
0.6563245823389021
0.6443914081145584
0.6539379474940334
0.6551312649164678
0.6706443914081146
0.6599045346062052
0.6718377088305489
0.6610978520286396
0.6575178997613366
0.6754176610978521
0.6539379474940334
0.6801909307875895
0.649164677804296
0.5572792362768496
0.5883054892601431
0.6789976133651552
0.6610978520286396
0.6551312649164678
0.6599045346062052
0.6694510739856802
0.6288782816229117
0.6706443914081146
0.649164677804296
0.6813842482100239
0.6264916467780429
0.45346062052505964
0.4307875894988067
0.6575178997613366
0.6873508353221957
0.6431980906921241
0.665871121718377
0.6551312649164678
0.6443914081145584
0.6718377088305489
0.6670644391408115
0.652744630071599
0.6778042959427207
0.28997613365155134
0.6610978520286396
0.6312649164677804
0.31861575178997614
0.6646778042959427
0.6730310262529833
0.6694510739856802
0.6563245823389021
0.6384248210023866
0.6181384248210023
0.6730310262529833
0.662291169451074
0.6682577565632458
0.6348448687350835
0.6968973747016707
0.6384248210023866
0.6539379474940334
0.649164677804296
0.6372315035799523
0.6646778042959427
0.6670644391408115
0.639618138424821
0.6050119331742243
0.652744630071599
0.6754176610978521
0.5644391408114559
0.6384248210023866
0.4439140811455847
0.6909307875894988
0.6599045346062052
0.6754176610978521
0.6455847255369929
0.6587112171837709
0.7040572792362768
0.665871121718377
0.649164677804296
0.649164677804296
0.636038186157518
0.6587112171837709
0.6634844868735084
0.6575178997613366
0.6646778042959427
0.6420047732696897
0.6503579952267303
0.2840095465393795
0.29236276849642007
0.46420047732696895
0.6420047732696897
0.6408114558472554
0.6575178997613366
0.6801909307875895
0.6694510739856802
0.6563245823389021
0.6587112171837709
0.6599045346062052
0.6599045346062052
0.6587112171837709
0.5727923627684964
0.5751789976133651
0.6837708830548926
0.6634844868735084
0.6694510739856802
0.6408114558472554
0.44630071599045346
0.6515513126491647
0.6670644391408115
0.6789976133651552
0.5954653937947494
0.6503579952267303
0.6945107398568019
0.652744630071599
0.6778042959427207
0.4379474940334129
0.7028639618138425
0.6754176610978521
0.4821002386634845
0.6778042959427207
0.6599045346062052
0.649164677804296
0.6718377088305489
0.6778042959427207
0.662291169451074
0.6503579952267303
0.6539379474940334
0.6551312649164678
0.649164677804296
0.6539379474940334
0.6706443914081146
0.6479713603818615
0.6909307875894988
0.6933174224343676
0.684964200477327
0.6085918854415274
0.6634844868735084
0.6610978520286396
0.630071599045346
0.6646778042959427
0.649164677804296
0.6730310262529833
0.2971360381861575
0.6431980906921241
0.6073985680190931
0.6587112171837709
0.6563245823389021
0.6515513126491647
0.6885441527446301
0.6682577565632458
0.6706443914081146
0.6599045346062052
0.6682577565632458
0.6610978520286396
0.2935560859188544
0.6599045346062052
0.662291169451074
0.6384248210023866
0.6599045346062052
0.6563245823389021
0.6288782816229117
0.6312649164677804
0.6503579952267303
0.6610978520286396
0.6599045346062052
0.6587112171837709
0.5883054892601431
0.6694510739856802
0.6503579952267303
0.6587112171837709
0.6610978520286396
0.665871121718377
0.652744630071599
0.6431980906921241
0.6634844868735084
0.6145584725536993
0.48568019093078757
0.5656324582338902
0.6276849642004774
0.5883054892601431
0.6718377088305489
0.6599045346062052
0.6431980906921241
0.6420047732696897
0.6634844868735084
0.6551312649164678
0.6551312649164678
0.44749403341288785
0.6694510739856802
0.6062052505966588
0.5656324582338902
0.6384248210023866
0.5369928400954654
0.6873508353221957
0.6479713603818615
0.6384248210023866
0.6443914081145584
0.6682577565632458
0.6563245823389021
0.6479713603818615
0.6813842482100239
0.665871121718377
0.6921241050119332
0.5417661097852029
0.6455847255369929
0.6312649164677804
0.649164677804296
0.6408114558472554
0.649164677804296
0.6479713603818615
0.6670644391408115
0.6539379474940334
0.6479713603818615
0.6706443914081146
0.6241050119331742
0.6599045346062052
0.6837708830548926
0.6563245823389021
0.6825775656324582
0.6825775656324582
0.6241050119331742
0.6420047732696897
0.6587112171837709
0.6431980906921241
0.6563245823389021
0.6682577565632458
0.6694510739856802
0.6682577565632458
0.6503579952267303
0.2756563245823389
0.6682577565632458
0.6610978520286396
0.6431980906921241
0.6193317422434368
0.6813842482100239
0.6408114558472554
0.684964200477327
0.28997613365155134
0.2720763723150358
0.6646778042959427
0.6336515513126492
0.630071599045346
0.29236276849642007
0.6766109785202864
0.7028639618138425
0.4439140811455847
0.6312649164677804
0.6587112171837709
0.6575178997613366
0.5429594272076372
0.6610978520286396
0.6646778042959427
0.6551312649164678
0.43914081145584727
0.44272076372315033
0.6610978520286396
0.6551312649164678
0.665871121718377
0.6455847255369929
0.6754176610978521
0.6431980906921241
0.47613365155131265
0.6408114558472554
0.6515513126491647
0.6312649164677804
0.6503579952267303
0.6742243436754176
0.5906921241050119
0.6348448687350835
0.6157517899761337
0.6515513126491647
0.545346062052506
0.6372315035799523
0.6443914081145584
0.6515513126491647
0.5906921241050119
0.665871121718377
0.6121718377088305
0.6348448687350835
0.6384248210023866
0.6670644391408115
0.6503579952267303
0.6455847255369929
0.6670644391408115
0.2171837708830549
0.6754176610978521
0.6599045346062052
0.6372315035799523
0.6789976133651552
0.6479713603818615
0.3221957040572792
0.6897374701670644
0.6575178997613366
0.6455847255369929
0.652744630071599
0.4439140811455847
0.6801909307875895
0.6992840095465394
0.6539379474940334
0.6288782816229117
0.6801909307875895
0.6634844868735084
0.6372315035799523
0.6599045346062052
0.6730310262529833
0.6288782816229117
0.6276849642004774
0.6420047732696897
0.6455847255369929
0.6205250596658711
0.6014319809069213
0.6420047732696897
0.6229116945107399
0.6670644391408115
0.6646778042959427
0.6515513126491647
0.6241050119331742
0.6587112171837709
0.6324582338902148
0.6933174224343676
0.6431980906921241
0.6252983293556086
0.649164677804296
0.6455847255369929
0.639618138424821
0.6551312649164678
0.6229116945107399
0.698090692124105
0.6730310262529833
0.649164677804296
0.6730310262529833
0.3794749403341289
0.5501193317422435
0.6563245823389021
0.6384248210023866
0.6515513126491647
0.6420047732696897
0.5644391408114559
0.2649164677804296
0.5894988066825776
0.27684964200477324
0.6742243436754176
0.2494033412887828
0.6682577565632458
0.6718377088305489
0.6682577565632458
0.5930787589498807
0.6205250596658711
0.6646778042959427
0.6479713603818615
0.6503579952267303
0.6455847255369929
0.6479713603818615
0.6515513126491647
0.6479713603818615
0.30668257756563244
0.6682577565632458
0.6467780429594272
0.636038186157518
0.20286396181384247
0.26610978520286394
0.6682577565632458
0.662291169451074
0.5871121718377088
0.5692124105011933
0.6909307875894988
0.6420047732696897
0.6563245823389021
0.6670644391408115
0.6587112171837709
0.6551312649164678
0.45823389021479716
0.6742243436754176
0.4510739856801909
0.6706443914081146
0.6563245823389021
0.29594272076372313
0.6587112171837709
0.630071599045346
0.7147971360381862
0.6766109785202864
0.652744630071599
0.6443914081145584
0.6551312649164678
0.6813842482100239
0.6933174224343676
0.6694510739856802
0.6420047732696897
0.35083532219570407
0.6706443914081146
0.6730310262529833
0.6801909307875895
0.6718377088305489
0.6431980906921241
0.6801909307875895
0.6610978520286396
0.6085918854415274
0.5620525059665871
0.4439140811455847
0.6706443914081146
0.6825775656324582
0.6336515513126492
0.6670644391408115
0.665871121718377
0.6336515513126492
0.6682577565632458
0.6384248210023866
0.6706443914081146
0.5560859188544153
0.6694510739856802
0.6503579952267303
0.6408114558472554
0.6706443914081146
0.6539379474940334
0.6706443914081146
0.665871121718377
0.6646778042959427
0.6754176610978521
0.6599045346062052
0.6634844868735084
0.616945107398568
0.662291169451074
0.5632458233890215
0.6610978520286396
0.6515513126491647
0.6050119331742243
0.6479713603818615
0.6157517899761337
0.6551312649164678
0.665871121718377
0.6646778042959427
0.6730310262529833
0.29832935560859186
0.649164677804296
0.6610978520286396
0.6801909307875895
0.6563245823389021
0.6694510739856802
0.6587112171837709
0.6324582338902148
0.6682577565632458
0.6837708830548926
0.639618138424821
0.6252983293556086
0.6742243436754176
0.6575178997613366
0.6026252983293556
0.6801909307875895
0.6957040572792362
0.6420047732696897
0.6599045346062052
0.6455847255369929
0.6503579952267303
0.6646778042959427
0.6384248210023866
0.6599045346062052
0.4510739856801909
0.6825775656324582
0.6515513126491647
0.6610978520286396
0.6097852028639618
0.6348448687350835
0.6205250596658711
0.5883054892601431
0.30071599045346065
0.6575178997613366
0.662291169451074
0.630071599045346
0.6694510739856802
0.6957040572792362
0.6682577565632458
0.6002386634844868
0.636038186157518
0.636038186157518
0.6575178997613366
0.6575178997613366
0.5560859188544153
0.662291169451074
0.652744630071599
0.6754176610978521
0.27684964200477324
0.4701670644391408
0.5763723150357996
0.5894988066825776
0.6264916467780429
0.6682577565632458
0.6778042959427207
0.6766109785202864
0.24821002386634844
0.6682577565632458
0.6634844868735084
0.2637231503579952
0.6766109785202864
0.6694510739856802
0.6455847255369929
0.6837708830548926
0.45346062052505964
0.6634844868735084
0.4343675417661098
0.26252983293556087
0.6825775656324582
0.6324582338902148
0.6682577565632458
0.2756563245823389
0.6718377088305489
0.6372315035799523
0.6205250596658711
0.6539379474940334
0.6610978520286396
0.6312649164677804
0.6288782816229117
0.6670644391408115
0.6455847255369929
0.6766109785202864
0.6813842482100239
0.6467780429594272
0.6694510739856802
0.6408114558472554
0.6778042959427207
0.6706443914081146
0.6730310262529833
0.6551312649164678
0.684964200477327
0.6276849642004774
0.665871121718377
0.5704057279236276
0.662291169451074
0.6694510739856802
0.6610978520286396
0.6789976133651552
0.6324582338902148
0.6646778042959427
0.6551312649164678
0.5787589498806682
0.6789976133651552
0.6778042959427207
0.6443914081145584
0.5799522673031027
0.6789976133651552
0.6479713603818615
0.6551312649164678
0.2649164677804296
0.6587112171837709
0.6778042959427207
0.6467780429594272
0.6789976133651552
0.649164677804296
0.6515513126491647
0.6718377088305489
0.6563245823389021
0.6682577565632458
0.6431980906921241
0.652744630071599
0.6742243436754176
0.6778042959427207
0.6455847255369929
0.6467780429594272
0.5906921241050119
0.6348448687350835
0.2720763723150358
0.6801909307875895
0.6563245823389021
0.6789976133651552
0.665871121718377
0.652744630071599
0.42840095465393796
0.6778042959427207
0.6646778042959427
0.6634844868735084
0.2684964200477327
0.4307875894988067
0.6754176610978521
0.6372315035799523
0.6336515513126492
0.6241050119331742
0.6455847255369929
0.6789976133651552
0.6706443914081146
0.594272076372315
0.6682577565632458
0.6670644391408115
0.6861575178997613
0.6682577565632458
0.665871121718377
0.4665871121718377
0.6431980906921241
0.6515513126491647
0.6443914081145584
0.6885441527446301
0.6610978520286396
0.5596658711217184
0.684964200477327
0.6670644391408115
0.6503579952267303
0.6324582338902148
0.4594272076372315
0.6145584725536993
0.6539379474940334
0.5704057279236276
0.6754176610978521
0.649164677804296
0.6634844868735084
0.6718377088305489
0.6264916467780429
0.47255369928400953
0.6455847255369929
0.6646778042959427
0.6336515513126492
0.6766109785202864
0.6766109785202864
0.6730310262529833
0.6252983293556086
0.6455847255369929
0.26968973747016706
0.652744630071599
0.29832935560859186
0.6801909307875895
0.6646778042959427
0.6431980906921241
0.649164677804296
0.6288782816229117
0.6825775656324582
0.6455847255369929
0.24343675417661098
0.6766109785202864
0.6503579952267303
0.6097852028639618
0.28878281622911695
0.649164677804296
0.6229116945107399
0.6467780429594272
0.6646778042959427
0.7064439140811456
0.6778042959427207
0.6276849642004774
0.6121718377088305
0.6789976133651552
0.6778042959427207
0.6479713603818615
0.6766109785202864
0.6801909307875895
0.6312649164677804
0.616945107398568
0.6599045346062052
0.6957040572792362
0.6634844868735084
0.652744630071599
0.6324582338902148
0.6503579952267303
0.41408114558472553
0.6885441527446301
0.4200477326968974
0.594272076372315
0.684964200477327
0.6587112171837709
0.652744630071599
0.6610978520286396
0.6503579952267303
0.6503579952267303
0.684964200477327
0.6670644391408115
0.6575178997613366
0.6885441527446301
0.6372315035799523
0.6312649164677804
0.662291169451074
0.6587112171837709
0.6599045346062052
0.6551312649164678
0.6575178997613366
0.6515513126491647
0.6813842482100239
0.6718377088305489
0.6837708830548926
0.6682577565632458
0.6073985680190931
0.6610978520286396
0.639618138424821
0.6694510739856802
0.6742243436754176
0.6002386634844868
0.662291169451074
0.6610978520286396
0.6682577565632458
0.42720763723150357
0.662291169451074
0.6455847255369929
0.6288782816229117
0.6610978520286396
0.4630071599045346
0.6539379474940334
0.6634844868735084
0.6694510739856802
0.33770883054892603
0.6563245823389021
0.630071599045346
0.4594272076372315
0.5954653937947494
0.6861575178997613
0.6193317422434368
0.2553699284009546
0.4451073985680191
0.5847255369928401
0.6002386634844868
0.6730310262529833
0.665871121718377
0.6312649164677804
0.630071599045346
0.6372315035799523
0.6670644391408115
0.6754176610978521
0.6670644391408115
0.6754176610978521
0.6706443914081146
0.2159904534606205
0.6694510739856802
0.6682577565632458
0.6455847255369929
0.5704057279236276
0.5847255369928401
0.6551312649164678
0.6610978520286396
0.6551312649164678
0.6384248210023866
0.6026252983293556
0.6766109785202864
0.6515513126491647
0.6551312649164678
0.6539379474940334
0.6336515513126492
0.6634844868735084
0.6384248210023866
0.6587112171837709
0.662291169451074
0.6897374701670644
0.6551312649164678
0.6682577565632458
0.6766109785202864
0.6813842482100239
0.28042959427207637
0.6718377088305489
0.545346062052506
0.6336515513126492
0.6610978520286396
0.6431980906921241
0.652744630071599
0.6718377088305489
0.665871121718377
0.6766109785202864
0.6288782816229117
0.6348448687350835
0.6336515513126492
0.6718377088305489
0.6563245823389021
0.6563245823389021
0.5644391408114559
0.45465393794749404
0.6861575178997613
0.5727923627684964
0.6718377088305489
0.6742243436754176
0.6885441527446301
0.6730310262529833
0.5894988066825776
0.665871121718377
0.6503579952267303
0.6599045346062052
0.6610978520286396
0.639618138424821
0.6408114558472554
0.6610978520286396
0.6384248210023866
0.662291169451074
0.6157517899761337
0.6431980906921241
0.6551312649164678
0.568019093078759
0.6455847255369929
0.639618138424821
0.5513126491646778
0.6682577565632458
0.6885441527446301
0.6754176610978521
0.43556085918854415
0.6646778042959427
0.5572792362768496
0.45346062052505964
0.6599045346062052
0.6813842482100239
0.652744630071599
0.636038186157518
0.6181384248210023
0.6443914081145584
0.662291169451074
0.6742243436754176
0.6694510739856802
0.6443914081145584
0.5692124105011933
0.6694510739856802
0.6551312649164678
0.6252983293556086
0.6252983293556086
0.6634844868735084
0.6181384248210023
0.4701670644391408
0.6634844868735084
0.6599045346062052
0.6670644391408115
0.652744630071599
0.6813842482100239
0.6646778042959427
0.4522673031026253
0.662291169451074
0.2637231503579952
0.6503579952267303
0.6742243436754176
0.6778042959427207
0.4451073985680191
0.6646778042959427
0.6968973747016707
0.6718377088305489
0.3269689737470167
0.6431980906921241
0.6515513126491647
0.6551312649164678
0.6861575178997613
0.31145584725536996
0.6551312649164678
0.6825775656324582
0.6801909307875895
0.6455847255369929
0.6467780429594272
0.652744630071599
0.6563245823389021
0.5059665871121718
0.6766109785202864
0.665871121718377
0.6408114558472554
0.5823389021479713
0.6575178997613366
0.3615751789976134
0.6897374701670644
0.6766109785202864
0.6694510739856802
0.7040572792362768
0.6599045346062052
0.4498806682577566
0.5668257756563246
0.6754176610978521
0.639618138424821
0.6766109785202864
0.6646778042959427
0.5596658711217184
0.6551312649164678
0.7004773269689738
0.649164677804296
0.5906921241050119
0.649164677804296
0.6861575178997613
0.6229116945107399
0.6324582338902148
0.6873508353221957
0.5894988066825776
0.4630071599045346
0.6610978520286396
0.6062052505966588
0.6599045346062052
0.6718377088305489
0.6670644391408115
0.5775656324582339
0.5763723150357996
0.636038186157518
0.6599045346062052
0.662291169451074
0.6766109785202864
0.6599045346062052
0.6789976133651552
0.6634844868735084
0.6646778042959427
0.3054892601431981
0.6097852028639618
0.5692124105011933
0.6431980906921241
0.6634844868735084
0.652744630071599
0.6670644391408115
0.6873508353221957
0.6479713603818615
0.26968973747016706
0.6539379474940334
0.6503579952267303
0.6825775656324582
0.6957040572792362
0.6813842482100239
0.6575178997613366
0.2863961813842482
0.649164677804296
0.6646778042959427
0.3042959427207637
0.6789976133651552
0.5787589498806682
0.581145584725537
0.6682577565632458
0.6766109785202864
0.6431980906921241
0.665871121718377
0.6646778042959427
0.6575178997613366
0.6682577565632458
0.6610978520286396
0.6694510739856802
0.665871121718377
0.28042959427207637
0.5513126491646778
0.6467780429594272
0.6599045346062052
0.6264916467780429
0.6384248210023866
0.6503579952267303
0.5393794749403341
0.5954653937947494
0.6479713603818615
0.6778042959427207
0.2840095465393795
0.649164677804296
0.441527446300716
0.6408114558472554
0.5978520286396182
0.630071599045346
0.6670644391408115
0.2935560859188544
0.649164677804296
0.6599045346062052
0.6575178997613366
0.6205250596658711
0.6754176610978521
0.6408114558472554
0.47613365155131265
0.4606205250596659
0.6730310262529833
0.6455847255369929
0.6324582338902148
0.6288782816229117
0.6778042959427207
0.6587112171837709
0.6801909307875895
0.6634844868735084
0.6503579952267303
0.6599045346062052
0.665871121718377
0.6431980906921241
0.7040572792362768
0.6599045346062052
0.2171837708830549
0.649164677804296
0.6670644391408115
0.6789976133651552
0.2971360381861575
0.6575178997613366
0.5859188544152745
0.636038186157518
0.6324582338902148
0.6587112171837709
0.6634844868735084
0.6575178997613366
0.6503579952267303
0.6384248210023866
0.652744630071599
0.6264916467780429
0.636038186157518
0.665871121718377
0.5477326968973747
0.665871121718377
0.6503579952267303
0.6539379474940334
0.6897374701670644
0.6754176610978521
0.6837708830548926
0.6694510739856802
0.665871121718377
0.652744630071599
0.652744630071599
0.6778042959427207
0.665871121718377
0.6634844868735084
0.6610978520286396
0.636038186157518
0.6682577565632458
0.665871121718377
0.649164677804296
0.6503579952267303
0.6682577565632458
0.6575178997613366
0.6384248210023866
0.6479713603818615
0.6575178997613366
0.6682577565632458
0.6706443914081146
0.6789976133651552
0.28162291169451076
0.6646778042959427
0.2911694510739857
0.2840095465393795
0.5704057279236276
0.4594272076372315
0.6551312649164678
0.581145584725537
0.6670644391408115
0.6503579952267303
0.5954653937947494
0.6587112171837709
0.6503579952267303
0.6909307875894988
0.26014319809069214
0.6467780429594272
0.6420047732696897
0.6252983293556086
0.5620525059665871
0.6336515513126492
0.6455847255369929
0.665871121718377
0.4200477326968974
0.665871121718377
0.6694510739856802
0.3353221957040573
0.6324582338902148
0.6897374701670644
0.6372315035799523
0.6563245823389021
0.6503579952267303
0.6467780429594272
0.535799522673031
0.6921241050119332
0.6587112171837709
0.636038186157518
0.6694510739856802
0.6503579952267303
0.5894988066825776
0.6837708830548926
0.6575178997613366
0.6718377088305489
0.6575178997613366
0.6599045346062052
0.6539379474940334
0.665871121718377
0.26252983293556087
0.6503579952267303
0.6515513126491647
0.34009546539379476
0.6646778042959427
0.6252983293556086
0.6157517899761337
0.6730310262529833
0.6479713603818615
0.6384248210023866
0.6646778042959427
0.5536992840095465
0.568019093078759
0.2840095465393795
0.649164677804296
0.6455847255369929
0.6801909307875895
0.6610978520286396
0.636038186157518
0.6324582338902148
0.6909307875894988
0.4665871121718377
0.6634844868735084
0.6682577565632458
0.6646778042959427
0.6515513126491647
0.6229116945107399
0.6539379474940334
0.33770883054892603
0.6241050119331742
0.6372315035799523
0.6610978520286396
0.6754176610978521
0.6730310262529833
0.6706443914081146
0.6217183770883055
0.649164677804296
0.27684964200477324
0.22195704057279236
0.6420047732696897
0.636038186157518
0.2684964200477327
0.6825775656324582
0.6610978520286396
0.649164677804296
0.6789976133651552
0.5859188544152745
0.36515513126491644
0.6646778042959427
0.6455847255369929
0.5596658711217184
0.649164677804296
0.6634844868735084
0.22792362768496421
0.6384248210023866
0.6694510739856802
0.6682577565632458
0.6670644391408115
0.28997613365155134
0.6742243436754176
0.6766109785202864
0.7100238663484487
0.6742243436754176
0.662291169451074
0.6718377088305489
0.6599045346062052
0.639618138424821
0.6670644391408115
0.6813842482100239
0.6551312649164678
0.6682577565632458
0.6587112171837709
0.662291169451074
0.6634844868735084
0.6181384248210023
0.5787589498806682
0.684964200477327
0.5608591885441527
0.6718377088305489
0.6276849642004774
0.6503579952267303
0.6575178997613366
0.6610978520286396
0.6670644391408115
0.6694510739856802
0.636038186157518
0.6682577565632458
0.5871121718377088
0.649164677804296
0.6933174224343676
0.45584725536992843
0.6587112171837709
0.6539379474940334
0.662291169451074
0.6050119331742243
0.6694510739856802
0.6336515513126492
0.35083532219570407
0.4510739856801909
0.6336515513126492
0.684964200477327
0.6181384248210023
0.6145584725536993
0.6467780429594272
0.2828162291169451
0.6575178997613366
0.6109785202863962
0.6634844868735084
0.6467780429594272
0.6718377088305489
0.6599045346062052
0.6443914081145584
0.6551312649164678
0.6861575178997613
0.6384248210023866
0.6682577565632458
0.6587112171837709
0.6372315035799523
0.6670644391408115
0.6467780429594272
0.6754176610978521
0.6813842482100239
0.6455847255369929
0.6861575178997613
0.639618138424821
0.6682577565632458
0.6420047732696897
0.6551312649164678
0.6539379474940334
0.6718377088305489
0.6694510739856802
0.6682577565632458
0.652744630071599
0.6646778042959427
0.6467780429594272
0.6312649164677804
0.6837708830548926
0.6193317422434368
0.6670644391408115
0.6324582338902148
0.6801909307875895
0.684964200477327
0.27923627684964203
0.6599045346062052
0.6789976133651552
0.649164677804296
0.6408114558472554
0.5847255369928401
0.6825775656324582
0.6742243436754176
0.6646778042959427
0.6670644391408115
0.30906921241050117
0.6801909307875895
0.6694510739856802
0.6682577565632458
0.6455847255369929
0.665871121718377
0.665871121718377
0.6479713603818615
0.6789976133651552
0.5906921241050119
0.6646778042959427
0.6694510739856802
0.4403341288782816
0.665871121718377
0.6694510739856802
0.6646778042959427
0.6455847255369929
0.42840095465393796
0.6503579952267303
0.665871121718377
0.6539379474940334
0.594272076372315
0.6348448687350835
0.6670644391408115
0.6825775656324582
0.6754176610978521
0.6503579952267303
0.6587112171837709
0.665871121718377
0.42720763723150357
0.6205250596658711
0.6873508353221957
0.6455847255369929
0.27684964200477324
0.6754176610978521
0.652744630071599
0.6539379474940334
0.6766109785202864
0.6467780429594272
0.47494033412887826
0.5596658711217184
0.6443914081145584
0.6694510739856802
0.6455847255369929
0.5620525059665871
0.6957040572792362
0.6372315035799523
0.6933174224343676
0.6085918854415274
0.6742243436754176
0.6694510739856802
0.3353221957040573
0.6682577565632458
0.45584725536992843
0.6372315035799523
0.6575178997613366
0.6861575178997613
0.6730310262529833
0.3568019093078759
0.6563245823389021
0.6515513126491647
0.6742243436754176
0.6479713603818615
0.6575178997613366
0.6133651551312649
0.662291169451074
0.6610978520286396
0.6646778042959427
0.662291169451074
0.6241050119331742
0.665871121718377
0.5525059665871122
0.6312649164677804
0.6778042959427207
0.6575178997613366
0.6718377088305489
0.6730310262529833
0.6503579952267303
0.6789976133651552
0.3639618138424821
0.6467780429594272
0.6443914081145584
0.6097852028639618
0.6455847255369929
0.665871121718377
0.630071599045346
0.6515513126491647
0.662291169451074
0.6670644391408115
0.6587112171837709
0.6885441527446301
0.4439140811455847
0.6408114558472554
0.6539379474940334
0.6312649164677804
0.6694510739856802
0.6718377088305489
0.5859188544152745
0.5727923627684964
0.6646778042959427
0.5525059665871122
0.4451073985680191
0.6563245823389021
0.30071599045346065
0.665871121718377
0.6551312649164678
0.6467780429594272
0.6467780429594272
0.6503579952267303
0.45465393794749404
0.6610978520286396
0.6551312649164678
0.6515513126491647
0.29832935560859186
0.2756563245823389
0.6515513126491647
0.5918854415274463
0.6443914081145584
0.6885441527446301
0.6646778042959427
0.6276849642004774
0.5787589498806682
0.5560859188544153
0.6563245823389021
0.6503579952267303
0.6563245823389021
0.6575178997613366
0.649164677804296
0.6575178997613366
0.665871121718377
0.652744630071599
0.6587112171837709
0.6348448687350835
0.6467780429594272
0.6563245823389021
0.6766109785202864
0.6467780429594272
0.6670644391408115
0.2494033412887828
0.6587112171837709
0.6694510739856802
0.6610978520286396
0.4594272076372315
0.6575178997613366
0.6408114558472554
0.6551312649164678
0.6455847255369929
0.6479713603818615
0.6789976133651552
0.665871121718377
0.6682577565632458
0.6443914081145584
0.6575178997613366
0.6789976133651552
0.7040572792362768
0.6754176610978521
0.6754176610978521
0.26730310262529833
0.6885441527446301
0.6503579952267303
0.6551312649164678
0.6813842482100239
0.6742243436754176
0.6551312649164678
0.6420047732696897
0.5644391408114559
0.6551312649164678
0.6873508353221957
0.6610978520286396
0.6575178997613366
0.6801909307875895
0.6587112171837709
0.6408114558472554
0.652744630071599
0.6587112171837709
0.6372315035799523
0.4606205250596659
0.6348448687350835
0.6718377088305489
0.6551312649164678
0.6455847255369929
0.2577565632458234
0.6324582338902148
0.6634844868735084
0.6575178997613366
0.28042959427207637
0.6706443914081146
0.662291169451074
0.6575178997613366
0.6694510739856802
0.6479713603818615
0.684964200477327
0.6778042959427207
0.6551312649164678
0.649164677804296
0.6539379474940334
0.6539379474940334
0.6778042959427207
0.665871121718377
0.2935560859188544
0.6515513126491647
0.6587112171837709
0.5751789976133651
0.6443914081145584
0.6634844868735084
0.6682577565632458
0.6587112171837709
0.6539379474940334
0.6670644391408115
0.6634844868735084
0.639618138424821
0.649164677804296
0.20286396181384247
0.5883054892601431
0.6945107398568019
0.6336515513126492
0.6837708830548926
0.27804295942720764
0.60381861575179
0.6443914081145584
0.43675417661097854
0.5978520286396182
0.6801909307875895
0.6372315035799523
0.6730310262529833
0.6384248210023866
0.6885441527446301
0.6157517899761337
0.6431980906921241
0.6288782816229117
0.6408114558472554
0.6801909307875895
0.684964200477327
0.6694510739856802
0.28758949880668255
0.5739856801909308
0.6121718377088305
0.6610978520286396
0.6634844868735084
0.662291169451074
0.6634844868735084
0.5751789976133651
0.6551312649164678
0.6133651551312649
0.6789976133651552
0.6515513126491647
0.649164677804296
0.6276849642004774
0.5978520286396182
0.6670644391408115
0.6766109785202864
0.6587112171837709
0.6408114558472554
0.6229116945107399
0.6575178997613366
0.4295942720763723
0.27923627684964203
0.594272076372315
0.6455847255369929
0.662291169451074
0.6312649164677804
0.60381861575179
0.6515513126491647
0.6718377088305489
0.6539379474940334
0.6754176610978521
0.652744630071599
0.6599045346062052
0.6455847255369929
0.40692124105011934
0.6610978520286396
0.6467780429594272
0.6813842482100239
0.6539379474940334
0.6515513126491647
0.6694510739856802
0.665871121718377
0.6539379474940334
0.29832935560859186
0.6372315035799523
0.6276849642004774
0.46420047732696895
0.6551312649164678
0.6587112171837709
0.6778042959427207
0.2720763723150358
0.6539379474940334
0.6384248210023866
0.6813842482100239
0.6467780429594272
0.6801909307875895
0.639618138424821
0.6706443914081146
0.6670644391408115
0.6837708830548926
0.60381861575179
0.662291169451074
0.5668257756563246
0.6157517899761337
0.6742243436754176
0.6682577565632458
0.6945107398568019
0.649164677804296
0.6503579952267303
0.684964200477327
0.652744630071599
0.6515513126491647
0.6348448687350835
0.6539379474940334
0.6587112171837709
0.46420047732696895
0.6610978520286396
0.6801909307875895
0.6551312649164678
0.6575178997613366
0.6789976133651552
0.6754176610978521
0.6754176610978521
0.6742243436754176
0.6742243436754176
0.3031026252983294
0.662291169451074
0.6575178997613366
0.45346062052505964
0.60381861575179
0.6706443914081146
0.6455847255369929
0.662291169451074
0.6587112171837709
0.649164677804296
0.6992840095465394
0.4618138424821002
0.6646778042959427
0.6599045346062052
0.6443914081145584
0.6682577565632458
0.649164677804296
0.6634844868735084
0.6455847255369929
